//  Catapult Ultra Synthesis 2024.1/1091966 (Production Release) Wed Feb 14 09:07:18 PST 2024
//  
//          Copyright (c) Siemens EDA, 1996-2024, All Rights Reserved.
//                        UNPUBLISHED, LICENSED SOFTWARE.
//             CONFIDENTIAL AND PROPRIETARY INFORMATION WHICH IS THE
//                   PROPERTY OF SIEMENS EDA OR ITS LICENSORS.
//  
//  Running on Linux m112061621@ws24:43409 3.10.0-1160.95.1.el7.x86_64 x86_64 aol
//  
//  Package information: SIFLIBS v27.1_0.0, HLS_PKGS v27.1_0.0, 
//                       SIF_TOOLKITS v27.1_0.0, SIF_XILINX v27.1_0.0, 
//                       SIF_ALTERA v27.1_0.0, CCS_LIBS v27.1_0.0, 
//                       CDS_PPRO v2023.2_3, CDS_DesignChecker v2024.1, 
//                       CDS_OASYS v21.1_3.1, CDS_PSR v23.2_0.16, 
//                       DesignPad v2.78_1.0, DesignAnalyzer 2024.1/1090934
//  
//  Start time Fri Apr  5 22:32:50 2024
# -------------------------------------------------
# Logging session transcript to file "/tmp/log43409502c1d71.0"
quit
# Creating project directory '/home/m112/m112061621/soc_lab2-1/Catapult/'. (PRJ-1)
# Moving session transcript to file "/home/m112/m112061621/soc_lab2-1/catapult.log"
// Finish ti//  Catapult Ultra Synthesis 2024.1/1091966 (Production Release) Wed Feb 14 09:07:18 PST 2024
//  
//          Copyright (c) Siemens EDA, 1996-2024, All Rights Reserved.
//                        UNPUBLISHED, LICENSED SOFTWARE.
//             CONFIDENTIAL AND PROPRIETARY INFORMATION WHICH IS THE
//                   PROPERTY OF SIEMENS EDA OR ITS LICENSORS.
//  
//  Running on Linux m112061621@ws24:43409 3.10.0-1160.95.1.el7.x86_64 x86_64 aol
//  
//  Package information: SIFLIBS v27.1_0.0, HLS_PKGS v27.1_0.0, 
//                       SIF_TOOLKITS v27.1_0.0, SIF_XILINX v27.1_0.0, 
//                       SIF_ALTERA v27.1_0.0, CCS_LIBS v27.1_0.0, 
//                       CDS_PPRO v2023.2_3, CDS_DesignChecker v2024.1, 
//                       CDS_OASYS v21.1_3.1, CDS_PSR v23.2_0.16, 
//                       DesignPad v2.78_1.0, DesignAnalyzer 2024.1/1090934
//  
//  Start time Fri Apr  5 22:32:50 2024
# -------------------------------------------------
# Logging session transcript to file "/tmp/log43409502c1d71.0"
quit
# Creating project directory '/home/m112/m112061621/soc_lab2-1/Catapult/'. (PRJ-1)
# Moving session transcript to file "/home/m112/m112061621/soc_lab2-1/catapult.log"
// Finish time Fri Apr  5 22:34:42 2024, time elapsed 1:52, peak memory 1.28GB, exit status 0
