#+-----------------------------------------------------------------------------------+
#|                                                                                   |
#| Generated by SLEC-2024.1/1088044  (Jan 29 2024)  linux64  S2401292355             |
#| on Fri Apr  5 23:54:48 2024.                                                      |
#|                                                                                   |
#| Restrictions concerning the use of Siemens SLEC                                   |
#| are covered in the license agreement. Distribution to third party                 |
#| is strictly prohibited.                                                           |
#|                                                                                   |
#+-----------------------------------------------------------------------------------+

     [CPT-RBDF]   Reading SystemC files into the 'spec' design library.
     [UI-BDS]     CPU usage after read_cpp = 2.966u 0.682s 3.648 0:06.000
     [UI-BDS]     MEM usage after read_cpp = 172.382m 344.922p
     [UI-BDS]     CPU usage after align_column_number = 3.067u 0.688s 3.754 #+-----------------------------------------------------------------------------------+
#|                                                                                   |
#| Generated by SLEC-2024.1/1088044  (Jan 29 2024)  linux64  S2401292355             |
#| on Fri Apr  5 23:54:48 2024.                                                      |
#|                                                                                   |
#| Restrictions concerning the use of Siemens SLEC                                   |
#| are covered in the license agreement. Distribution to third party                 |
#| is strictly prohibited.                                                           |
#|                                                                                   |
#+-----------------------------------------------------------------------------------+

     [CPT-RBDF]   Reading SystemC files into the 'spec' design library.
     [UI-BDS]     CPU usage after read_cpp = 2.966u 0.682s 3.648 0:06.000
     [UI-BDS]     MEM usage after read_cpp = 172.382m 344.922p
     [UI-BDS]     CPU usage after align_column_number = 3.067u 0.688s 3.754 0:06.000
     [UI-BDS]     MEM usage after align_column_number = 172.012m 344.922p
     [UI-BDS]     CPU usage after assign_branch_numbers = 3.067u 0.688s 3.755 0:06.000
     [UI-BDS]     MEM usage after assign_branch_numbers = 172.012m 344.922p
     [UI-BDS]     CPU usage after ignore_system_header_io = 3.230u 0.688s 3.917 0:06.000
     [UI-BDS]     MEM usage after ignore_system_header_io = 172.833m 344.922p
     [UI-BDS]     CPU usage after handle_variadic_function = 3.239u 0.688s 3.926 0:06.000
     [UI-BDS]     MEM usage after handle_variadic_function = 172.950m 344.922p
     [UI-BDS]     CPU usage after handle_variadic_template = 3.251u 0.688s 3.938 0:06.000
     [UI-BDS]     MEM usage after handle_variadic_template = 172.950m 344.922p
     [UI-BDS]     CPU usage after remove_init_for_symbolic_memories = 3.264u 0.688s 3.951 0:06.000
     [UI-BDS]     MEM usage after remove_init_for_symbolic_memories = 172.952m 344.922p
     [UI-BDS]     CPU usage after dissolve_init_repeats = 3.270u 0.688s 3.957 0:06.000
     [UI-BDS]     MEM usage after dissolve_init_repeats = 172.957m 344.922p
     [UI-BDS]     CPU usage after handle_builtins = 3.270u 0.688s 3.957 0:06.000
     [UI-BDS]     MEM usage after handle_builtins = 172.957m 344.922p
     [UI-BDS]     CPU usage after cross_file_link = 3.292u 0.688s 3.979 0:06.000
     [UI-BDS]     MEM usage after cross_file_link = 172.751m 344.922p
     [UI-BDS]     CPU usage after canonize_cpt_for_cpp = 3.367u 0.688s 4.055 0:06.000
     [UI-BDS]     MEM usage after canonize_cpt_for_cpp = 173.548m 344.922p
     [UI-BDS]     CPU usage after add_missing_default_branch = 3.367u 0.688s 4.055 0:06.000
     [UI-BDS]     MEM usage after add_missing_default_branch = 173.548m 344.922p
     [UI-BDS]     CPU usage after mark_loop_as_unroll_in_compiler_generated_functions = 3.374u 0.688s 4.061 0:06.000
     [UI-BDS]     MEM usage after mark_loop_as_unroll_in_compiler_generated_functions = 173.549m 344.922p
     [UI-BDS]     CPU usage after mark_loop_in_acinit_array_as_unrolled = 3.382u 0.688s 4.069 0:06.000
     [UI-BDS]     MEM usage after mark_loop_in_acinit_array_as_unrolled = 173.549m 344.922p
     [UI-BDS]     CPU usage after handle_smart_pointers = 3.402u 0.688s 4.089 0:06.000
     [UI-BDS]     MEM usage after handle_smart_pointers = 173.549m 344.922p
     [UI-BDS]     CPU usage after handle_systemc_constructs = 3.785u 0.688s 4.472 0:07.000
     [UI-BDS]     MEM usage after handle_systemc_constructs = 162.917m 344.922p
     [UI-BDS]     CPU usage after handle_ac_sc_constructs_natively = 3.928u 0.688s 4.616 0:07.000
     [UI-BDS]     MEM usage after handle_ac_sc_constructs_natively = 162.845m 344.922p
     [UI-BDS]     CPU usage after const_fold = 3.934u 0.688s 4.622 0:07.000
     [UI-BDS]     MEM usage after const_fold = 162.843m 344.922p
     [UI-BDS]     CPU usage after handle_user_cover = 3.939u 0.688s 4.626 0:07.000
     [UI-BDS]     MEM usage after handle_user_cover = 162.843m 344.922p
     [UI-BDS]     CPU usage after xform_user_asserts = 3.951u 0.688s 4.639 0:07.000
     [UI-BDS]     MEM usage after xform_user_asserts = 162.843m 344.922p
     [UI-BDS]     CPU usage after transform_seed_branch_coverage_targets = 3.952u 0.688s 4.639 0:07.000
     [UI-BDS]     MEM usage after transform_seed_branch_coverage_targets = 162.844m 344.922p
     [UI-BDS]     CPU usage after compute_struct_or_union_size = 3.961u 0.688s 4.649 0:07.000
     [UI-BDS]     MEM usage after compute_struct_or_union_size = 163.194m 344.922p
     [UI-BDS]     CPU usage after handle_bitset = 3.976u 0.688s 4.664 0:07.000
     [UI-BDS]     MEM usage after handle_bitset = 163.195m 344.922p
     [UI-BDS]     CPU usage after transform_std_function = 3.996u 0.688s 4.683 0:07.000
     [UI-BDS]     MEM usage after transform_std_function = 163.201m 344.922p
     [UI-BDS]     CPU usage after convert_std_fpoint_func_to_builtins = 4.014u 0.688s 4.702 0:07.000
     [UI-BDS]     MEM usage after convert_std_fpoint_func_to_builtins = 163.255m 344.922p
     [UI-BDS]     CPU usage after cleanup = 4.115u 0.689s 4.804 0:07.000
     [UI-BDS]     MEM usage after cleanup = 131.498m 344.922p
     [UI-BDS]     CPU usage after handle_placement_new = 4.115u 0.689s 4.804 0:07.000
     [UI-BDS]     MEM usage after handle_placement_new = 131.499m 344.922p
     [UI-BDS]     CPU usage after insert_acprobecall_for_cformalassert_top = 4.115u 0.689s 4.804 0:07.000
     [UI-BDS]     MEM usage after insert_acprobecall_for_cformalassert_top = 131.499m 344.922p
     [UI-BDS]     CPU usage after handle_goto = 4.115u 0.689s 4.804 0:07.000
     [UI-BDS]     MEM usage after handle_goto = 131.500m 344.922p
     [UI-BDS]     CPU usage after remove_trailingstmts_after_jumpstmts = 4.116u 0.689s 4.804 0:07.000
     [UI-BDS]     MEM usage after remove_trailingstmts_after_jumpstmts = 131.501m 344.922p
     [UI-BDS]     CPU usage after identify_full_case = 4.116u 0.689s 4.804 0:07.000
     [UI-BDS]     MEM usage after identify_full_case = 131.501m 344.922p
     [UI-BDS]     CPU usage after convert_enums_to_ints = 4.116u 0.689s 4.805 0:07.000
     [UI-BDS]     MEM usage after convert_enums_to_ints = 131.501m 344.922p
     [UI-BDS]     SLEC process is using 132 MB, peak 345 MB, and 7 seconds [+64MB, +272MB, +5s] @ Fri Apr  5 23:54:55 2024
     [UI-BDPM]    Started do_design_checks
     [CPT-PRCS]   CPU usage after checking CNS is 4.141u 0.696s 4.837 0:07.000
     [CPT-PRMS]   MEM usage after checking CNS is 131.838m 344.922p
     [UI-BDS]     SLEC process is using 132 MB, peak 345 MB, and 7 seconds [+0MB, +0MB, +0s] @ Fri Apr  5 23:54:55 2024
     [UI-BDPM]    Finished do_design_checks
     [UI-BDS]     CPU usage after do_design_checks = 4.141u 0.696s 4.837 0:07.000
     [UI-BDS]     MEM usage after do_design_checks = 131.837m 344.922p
     [UI-BDS]     CPU usage after prune_dead_selects = 4.141u 0.696s 4.837 0:07.000
     [UI-BDS]     MEM usage after prune_dead_selects = 131.838m 344.922p
     [UI-BDS]     CPU usage after replace_missing_assign_op_with_assignment = 4.142u 0.696s 4.838 0:07.000
     [UI-BDS]     MEM usage after replace_missing_assign_op_with_assignment = 131.838m 344.922p
     [UI-BDS]     CPU usage after transfer_pragmas_to_properties = 4.143u 0.696s 4.839 0:07.000
     [UI-BDS]     MEM usage after transfer_pragmas_to_properties = 131.839m 344.922p
     [UI-BDS]     CPU usage after handle_acchannel_size = 4.144u 0.696s 4.840 0:07.000
     [UI-BDS]     MEM usage after handle_acchannel_size = 131.839m 344.922p
     [UI-BDS]     CPU usage after remove_bottom_hier_ctor_from_top = 4.144u 0.696s 4.840 0:07.000
     [UI-BDS]     MEM usage after remove_bottom_hier_ctor_from_top = 131.840m 344.922p
     [UI-BDS]     CPU usage after transfer_array_size_from_parent_to_child_hierarchy = 4.144u 0.696s 4.840 0:07.000
     [UI-BDS]     MEM usage after transfer_array_size_from_parent_to_child_hierarchy = 131.840m 344.922p
     [UI-BDS]     CPU usage after identify_accumulators = 4.144u 0.696s 4.840 0:07.000
     [UI-BDS]     MEM usage after identify_accumulators = 131.841m 344.922p
     [UI-BDS]     CPU usage after predicate_switch_stmts = 4.144u 0.696s 4.840 0:07.000
     [UI-BDS]     MEM usage after predicate_switch_stmts = 131.841m 344.922p
     [UI-BDS]     CPU usage after convert_types = 4.146u 0.696s 4.842 0:07.000
     [UI-BDS]     MEM usage after convert_types = 131.842m 344.922p
     [UI-BDS]     CPU usage after normalize_negating_exprs = 4.146u 0.696s 4.842 0:07.000
     [UI-BDS]     MEM usage after normalize_negating_exprs = 131.838m 344.922p
     [UI-BDS]     CPU usage after create_cdb_symbols = 4.146u 0.696s 4.842 0:07.000
     [UI-BDS]     MEM usage after create_cdb_symbols = 131.846m 344.922p
     [UI-BDS]     CPU usage after add_missing_default_ctor_for_static_objects = 4.146u 0.696s 4.842 0:07.000
     [UI-BDS]     MEM usage after add_missing_default_ctor_for_static_objects = 131.847m 344.922p
     [UI-BDS]     SLEC process is using 132 MB, peak 345 MB, and 7 seconds [+0MB, +0MB, +0s] @ Fri Apr  5 23:54:55 2024
     [UI-BDPM]    Started do_design_checks
     [CPT-PRCS]   CPU usage after checking CGR is 4.147u 0.696s 4.843 0:07.000
     [CPT-PRMS]   MEM usage after checking CGR is 131.848m 344.922p
     [CPT-PRCS]   CPU usage after checking AWE is 4.147u 0.696s 4.843 0:07.000
     [CPT-PRMS]   MEM usage after checking AWE is 131.848m 344.922p
     [UI-BDS]     SLEC process is using 132 MB, peak 345 MB, and 7 seconds [+0MB, +0MB, +0s] @ Fri Apr  5 23:54:55 2024
     [UI-BDPM]    Finished do_design_checks
     [UI-BDS]     CPU usage after do_design_checks = 4.147u 0.696s 4.843 0:07.000
     [UI-BDS]     MEM usage after do_design_checks = 131.847m 344.922p
     [CPT-LBAI]   Loop at path '(/home/m112/m112061621/soc_lab2-1/catapult-for-soc-course/lab1_fir/01_walkthrough_loops/fir.h:24)' has max bounds '9' .
     [CPT-LBAI]   Loop at path '(/home/m112/m112061621/soc_lab2-1/catapult-for-soc-course/lab1_fir/01_walkthrough_loops/fir.h:31)' has max bounds '9' .
     [CPT-LBAI]   Loop at path '(/home/m112/m112061621/soc_lab2-1/catapult-for-soc-course/lab1_fir/01_walkthrough_loops/fir.h:14)' has max bounds '9' .
     [UI-BDS]     CPU usage after pre_inlining_const_prop = 4.156u 0.696s 4.852 0:07.000
     [UI-BDS]     MEM usage after pre_inlining_const_prop = 131.868m 344.922p
     [UI-BDS]     CPU usage after handle_cpp_initializations = 4.156u 0.696s 4.852 0:07.000
     [UI-BDS]     MEM usage after handle_cpp_initializations = 131.868m 344.922p
     [UI-BDS]     CPU usage after create_init_for_uninitialized_global_ctype_decls = 4.156u 0.696s 4.852 0:07.000
     [UI-BDS]     MEM usage after create_init_for_uninitialized_global_ctype_decls = 131.869m 344.922p
     [UI-BDS]     CPU usage after blast_floating_point_array_access = 4.156u 0.696s 4.852 0:07.000
     [UI-BDS]     MEM usage after blast_floating_point_array_access = 131.869m 344.922p
     [UI-BDS]     CPU usage after convert_init_stmt_to_cpp_init_block = 4.158u 0.696s 4.854 0:07.000
     [UI-BDS]     MEM usage after convert_init_stmt_to_cpp_init_block = 131.868m 344.922p
     [UI-BDS]     CPU usage after transform_init_block = 4.158u 0.696s 4.854 0:07.000
     [UI-BDS]     MEM usage after transform_init_block = 131.868m 344.922p
     [UI-BDS]     CPU usage after simplified_upscope_static_var_decls = 4.158u 0.696s 4.854 0:07.000
     [UI-BDS]     MEM usage after simplified_upscope_static_var_decls = 131.869m 344.922p
     [UI-BDS]     CPU usage after upscope_class_decls = 4.158u 0.696s 4.854 0:07.000
     [UI-BDS]     MEM usage after upscope_class_decls = 131.869m 344.922p
     [UI-BDS]     SLEC process is using 132 MB, peak 345 MB, and 7 seconds [+0MB, +0MB, +0s] @ Fri Apr  5 23:54:55 2024
     [UI-BDPM]    Started do_design_checks
     [CPT-PRCS]   CPU usage after checking LRC is 4.158u 0.696s 4.855 0:07.000
     [CPT-PRMS]   MEM usage after checking LRC is 131.871m 344.922p
     [CPT-PRCS]   CPU usage after checking ACS is 4.158u 0.697s 4.855 0:07.000
     [CPT-PRMS]   MEM usage after checking ACS is 131.871m 344.922p
     [CPT-PRCS]   CPU usage after checking AIC is 4.158u 0.697s 4.855 0:07.000
     [CPT-PRMS]   MEM usage after checking AIC is 131.871m 344.922p
     [CPT-PRCS]   CPU usage after checking CIA is 4.158u 0.697s 4.855 0:07.000
     [CPT-PRMS]   MEM usage after checking CIA is 131.871m 344.922p
     [CPT-PRCS]   CPU usage after checking AOB is 4.158u 0.697s 4.855 0:07.000
     [CPT-PRMS]   MEM usage after checking AOB is 131.871m 344.922p
     [CPT-PRCS]   CPU usage after checking MXS is 4.158u 0.697s 4.855 0:07.000
     [CPT-PRMS]   MEM usage after checking MXS is 131.871m 344.922p
     [CPT-PRCS]   CPU usage after checking FXD is 4.158u 0.697s 4.855 0:07.000
     [CPT-PRMS]   MEM usage after checking FXD is 131.871m 344.922p
     [CPT-PRCS]   CPU usage after checking ALS is 4.158u 0.697s 4.855 0:07.000
     [CPT-PRMS]   MEM usage after checking ALS is 131.871m 344.922p
     [CPT-PRCS]   CPU usage after checking FVI is 4.169u 0.697s 4.866 0:07.000
     [CPT-PRMS]   MEM usage after checking FVI is 131.874m 344.922p
     [CPT-PRCS]   CPU usage after checking CBU is 4.169u 0.697s 4.866 0:07.000
     [CPT-PRMS]   MEM usage after checking CBU is 131.874m 344.922p
     [CPT-PRCS]   CPU usage after checking OSA is 4.180u 0.697s 4.877 0:07.000
     [CPT-PRMS]   MEM usage after checking OSA is 131.879m 344.922p
     [UI-BDS]     SLEC process is using 132 MB, peak 345 MB, and 7 seconds [+0MB, +0MB, +0s] @ Fri Apr  5 23:54:55 2024
     [UI-BDPM]    Finished do_design_checks
     [UI-BDS]     CPU usage after do_design_checks = 4.181u 0.697s 4.878 0:07.000
     [UI-BDS]     MEM usage after do_design_checks = 131.878m 344.922p
     [UI-BDS]     CPU usage after remove_acinitarray_for_symbolic_memories = 4.181u 0.697s 4.878 0:07.000
     [UI-BDS]     MEM usage after remove_acinitarray_for_symbolic_memories = 131.878m 344.922p
     [UI-BDS]     CPU usage after handle_acinitarray_for_multidim_arrays = 4.181u 0.697s 4.878 0:07.000
     [UI-BDS]     MEM usage after handle_acinitarray_for_multidim_arrays = 131.879m 344.922p
     [UI-BDS]     CPU usage after cpp_predicate_continue_stmt = 4.181u 0.697s 4.878 0:07.000
     [UI-BDS]     MEM usage after cpp_predicate_continue_stmt = 131.879m 344.922p
     [UI-BDS]     CPU usage after generate_temp_for_cpp = 4.182u 0.697s 4.879 0:07.000
     [UI-BDS]     MEM usage after generate_temp_for_cpp = 131.906m 344.922p
     [UI-BDS]     SLEC process is using 132 MB, peak 345 MB, and 7 seconds [+0MB, +0MB, +0s] @ Fri Apr  5 23:54:55 2024
     [UI-BDPM]    Started do_design_checks
     [CPT-PRCS]   CPU usage after checking NCO is 4.195u 0.697s 4.892 0:07.000
     [CPT-PRMS]   MEM usage after checking NCO is 131.912m 344.922p
     [CPT-PRCS]   CPU usage after checking ACC is 4.195u 0.697s 4.892 0:07.000
     [CPT-PRMS]   MEM usage after checking ACC is 131.912m 344.922p
     [CPT-PRCS]   CPU usage after checking SAT is 4.196u 0.697s 4.893 0:07.000
     [CPT-PRMS]   MEM usage after checking SAT is 131.912m 344.922p
     [CPT-PRCS]   CPU usage after checking ABW is 4.197u 0.699s 4.896 0:07.000
     [CPT-PRMS]   MEM usage after checking ABW is 131.919m 344.922p
     [CPT-PRCS]   CPU usage after checking ABR is 4.199u 0.701s 4.900 0:07.000
     [CPT-PRMS]   MEM usage after checking ABR is 131.924m 344.922p
     [CPT-PRCS]   CPU usage after checking MDB is 4.199u 0.701s 4.900 0:07.000
     [CPT-PRMS]   MEM usage after checking MDB is 131.924m 344.922p
     [CPT-PRCS]   CPU usage after checking CAS is 4.201u 0.701s 4.902 0:07.000
     [CPT-PRMS]   MEM usage after checking CAS is 131.924m 344.922p
     [CPT-PRCS]   CPU usage after checking DBZ is 4.203u 0.701s 4.904 0:07.000
     [CPT-PRMS]   MEM usage after checking DBZ is 131.924m 344.922p
     [CPT-PRCS]   CPU usage after checking PDD is 4.204u 0.701s 4.905 0:07.000
     [CPT-PRMS]   MEM usage after checking PDD is 131.924m 344.922p
     [CPT-PRCS]   CPU usage after checking ISE is 4.205u 0.701s 4.906 0:07.000
     [CPT-PRMS]   MEM usage after checking ISE is 131.924m 344.922p
     [CPT-PRCS]   CPU usage after checking CWB is 4.205u 0.701s 4.906 0:07.000
     [CPT-PRMS]   MEM usage after checking CWB is 131.924m 344.922p
     [CPT-PRCS]   CPU usage after checking APT is 4.205u 0.701s 4.906 0:07.000
     [CPT-PRMS]   MEM usage after checking APT is 131.924m 344.922p
     [CPT-PRCS]   CPU usage after checking CMC is 4.205u 0.701s 4.906 0:07.000
     [CPT-PRMS]   MEM usage after checking CMC is 131.924m 344.922p
     [CPT-PRCS]   CPU usage after checking SUD is 4.205u 0.701s 4.906 0:07.000
     [CPT-PRMS]   MEM usage after checking SUD is 131.924m 344.922p
     [CPT-PRCS]   CPU usage after checking OVL is 4.208u 0.702s 4.910 0:07.000
     [CPT-PRMS]   MEM usage after checking OVL is 131.969m 344.922p
     [UI-BDS]     SLEC process is using 132 MB, peak 345 MB, and 7 seconds [+0MB, +0MB, +0s] @ Fri Apr  5 23:54:55 2024
     [UI-BDPM]    Finished do_design_checks
     [UI-BDS]     CPU usage after do_design_checks = 4.209u 0.702s 4.911 0:07.000
     [UI-BDS]     MEM usage after do_design_checks = 131.968m 344.922p
     [CPT-FRBB]   (/home/m112/m112061621/soc_lab2-1/catapult-for-soc-course/lab1_fir/01_walkthrough_loops/fir.h:26) Call to function 'ac_channel<ac_int<8,true>>::read' has been replaced by a black-box 'input_ac_channel_read_ln26_bbox_7'.
     [CPT-AWR]    Call to function ac_channel::write() at (/home/m112/m112061621/soc_lab2-1/catapult-for-soc-course/lab1_fir/01_walkthrough_loops/fir.h:34) is removed.
     [UI-BDS]     CPU usage after abstract_channel_io = 4.213u 0.702s 4.915 0:07.000
     [UI-BDS]     MEM usage after abstract_channel_io = 131.971m 344.922p
     [UI-BDS]     CPU usage after normalize_negating_exprs = 4.214u 0.702s 4.916 0:07.000
     [UI-BDS]     MEM usage after normalize_negating_exprs = 131.970m 344.922p
     [UI-BDS]     CPU usage after add_ac_builtin_func = 4.215u 0.702s 4.917 0:07.000
     [UI-BDS]     MEM usage after add_ac_builtin_func = 131.970m 344.922p
     [UI-BDS]     SLEC process is using 132 MB, peak 345 MB, and 7 seconds [+0MB, +0MB, +0s] @ Fri Apr  5 23:54:55 2024
     [UI-BDPM]    Started record_design_checks
     [UI-BDS]     SLEC process is using 132 MB, peak 345 MB, and 7 seconds [+0MB, +0MB, +0s] @ Fri Apr  5 23:54:55 2024
     [UI-BDPM]    Finished record_design_checks
     [UI-BDS]     CPU usage after record_design_checks = 4.217u 0.703s 4.920 0:07.000
     [UI-BDS]     MEM usage after record_design_checks = 131.970m 344.922p
     [UI-BDS]     CPU usage after uniquify_vars_in_function = 4.217u 0.703s 4.920 0:07.000
     [UI-BDS]     MEM usage after uniquify_vars_in_function = 131.971m 344.922p
     [UI-BDS]     CPU usage after preprocess_non_orthogonal_unions = 4.218u 0.703s 4.921 0:07.000
     [UI-BDS]     MEM usage after preprocess_non_orthogonal_unions = 131.972m 344.922p
     [UI-BDS]     CPU usage after convert_bitfields_to_bitvector = 4.218u 0.703s 4.921 0:07.000
     [UI-BDS]     MEM usage after convert_bitfields_to_bitvector = 131.972m 344.922p
     [UI-BDS]     CPU usage after handle_memset = 4.218u 0.703s 4.922 0:07.000
     [UI-BDS]     MEM usage after handle_memset = 131.973m 344.922p
     [UI-BDS]     CPU usage after move_defaultassigns_inctor_tofuncs = 4.219u 0.703s 4.922 0:07.000
     [UI-BDS]     MEM usage after move_defaultassigns_inctor_tofuncs = 131.973m 344.922p
     [UI-BDS]     CPU usage after fill_assignment_operators = 4.219u 0.703s 4.922 0:07.000
     [UI-BDS]     MEM usage after fill_assignment_operators = 131.973m 344.922p
     [UI-BDS]     CPU usage after inline_functions = 4.225u 0.703s 4.928 0:07.000
     [UI-BDS]     MEM usage after inline_functions = 132.054m 344.922p
     [UI-BDS]     CPU usage after cover_check = 4.225u 0.703s 4.928 0:07.000
     [UI-BDS]     MEM usage after cover_check = 132.055m 344.922p
     [CPT-PACS]   CPU usage after 'abstracting large array at interface' is 4.225u 0.703s 4.929 0:07.000
     [CPT-PAMS]   MEM usage after 'abstracting large array at interface' is 132.056m 344.922p
     [CPT-PACS]   CPU usage after 'const prop' is 4.242u 0.703s 4.946 0:07.000
     [CPT-PAMS]   MEM usage after 'const prop' is 132.256m 344.922p
     [CPT-PACS]   CPU usage after 'synthesizing oob checks' is 4.243u 0.703s 4.946 0:07.000
     [CPT-PAMS]   MEM usage after 'synthesizing oob checks' is 132.257m 344.922p
     [CPT-PACS]   CPU usage after 'abstracting large arrays' is 4.243u 0.703s 4.946 0:07.000
     [CPT-PAMS]   MEM usage after 'abstracting large arrays' is 132.257m 344.922p
     [CPT-PACS]   CPU usage after 'cleanup' is 4.243u 0.703s 4.947 0:07.000
     [CPT-PAMS]   MEM usage after 'cleanup' is 132.257m 344.922p
     [CPT-PACS]   CPU usage after 'update unused large array size' is 4.243u 0.703s 4.947 0:07.000
     [CPT-PAMS]   MEM usage after 'update unused large array size' is 132.257m 344.922p
     [UI-BDS]     CPU usage after abstract_large_arrays = 4.244u 0.703s 4.947 0:07.000
     [UI-BDS]     MEM usage after abstract_large_arrays = 132.064m 344.922p
     [UI-BDS]     CPU usage after cleanup = 4.244u 0.703s 4.947 0:07.000
     [UI-BDS]     MEM usage after cleanup = 132.054m 344.922p
     [UI-BDS]     SLEC process is using 132 MB, peak 345 MB, and 7 seconds [+0MB, +0MB, +0s] @ Fri Apr  5 23:54:55 2024
     [UI-BDPM]    Started do_design_checks
     [CPT-PRCS]   CPU usage after checking CNS is 4.267u 0.703s 4.970 0:07.000
     [CPT-PRMS]   MEM usage after checking CNS is 132.061m 344.922p
     [UI-BDS]     SLEC process is using 132 MB, peak 345 MB, and 7 seconds [+0MB, +0MB, +0s] @ Fri Apr  5 23:54:55 2024
     [UI-BDPM]    Finished do_design_checks
     [UI-BDS]     CPU usage after do_design_checks = 4.267u 0.703s 4.970 0:07.000
     [UI-BDS]     MEM usage after do_design_checks = 132.059m 344.922p
     [UI-BDS]     CPU usage after const_prop_for_cpp = 4.284u 0.703s 4.988 0:07.000
     [UI-BDS]     MEM usage after const_prop_for_cpp = 132.047m 344.922p
     [UI-BDS]     CPU usage after handle_new = 4.285u 0.703s 4.988 0:07.000
     [UI-BDS]     MEM usage after handle_new = 132.048m 344.922p
     [UI-BDS]     CPU usage after inline_functions = 4.287u 0.703s 4.990 0:07.000
     [UI-BDS]     MEM usage after inline_functions = 132.048m 344.922p
     [UI-BDS]     CPU usage after prune_dead_selects = 4.288u 0.703s 4.991 0:07.000
     [UI-BDS]     MEM usage after prune_dead_selects = 132.043m 344.922p
     [UI-BDS]     CPU usage after infer_power_up_values = 4.303u 0.703s 5.006 0:07.000
     [UI-BDS]     MEM usage after infer_power_up_values = 132.049m 344.922p
     [UI-BDS]     CPU usage after natively_handle_ac_builtin_func = 4.303u 0.703s 5.007 0:07.000
     [UI-BDS]     MEM usage after natively_handle_ac_builtin_func = 132.050m 344.922p
     [UI-BDS]     SLEC process is using 132 MB, peak 345 MB, and 7 seconds [+0MB, +0MB, +0s] @ Fri Apr  5 23:54:55 2024
     [UI-BDPM]    Started do_design_checks
     [CPT-PRCS]   CPU usage after checking STF is 4.303u 0.703s 5.007 0:07.000
     [CPT-PRMS]   MEM usage after checking STF is 132.051m 344.922p
     [UI-BDS]     SLEC process is using 132 MB, peak 345 MB, and 7 seconds [+0MB, +0MB, +0s] @ Fri Apr  5 23:54:55 2024
     [UI-BDPM]    Finished do_design_checks
     [UI-BDS]     CPU usage after do_design_checks = 4.304u 0.703s 5.007 0:07.000
     [UI-BDS]     MEM usage after do_design_checks = 132.050m 344.922p
     [UI-BDS]     SLEC process is using 132 MB, peak 345 MB, and 7 seconds [+0MB, +0MB, +0s] @ Fri Apr  5 23:54:55 2024
     [UI-BDPM]    Started record_design_checks
     [UI-BDS]     SLEC process is using 132 MB, peak 345 MB, and 7 seconds [+0MB, +0MB, +0s] @ Fri Apr  5 23:54:55 2024
     [UI-BDPM]    Finished record_design_checks
     [UI-BDS]     CPU usage after record_design_checks = 4.306u 0.704s 5.010 0:07.000
     [UI-BDS]     MEM usage after record_design_checks = 132.050m 344.922p
     [UI-BDS]     CPU usage after synthesize_ac_sc_fixed_logic = 4.306u 0.704s 5.011 0:07.000
     [UI-BDS]     MEM usage after synthesize_ac_sc_fixed_logic = 132.050m 344.922p
     [UI-BDS]     CPU usage after handle_ac_probes = 4.307u 0.704s 5.011 0:07.000
     [UI-BDS]     MEM usage after handle_ac_probes = 132.050m 344.922p
     [UI-BDS]     CPU usage after canonize_cpt_for_cpp = 4.308u 0.704s 5.012 0:07.000
     [UI-BDS]     MEM usage after canonize_cpt_for_cpp = 132.050m 344.922p
     [UI-BDS]     CPU usage after handle_ccores = 4.312u 0.704s 5.016 0:07.000
     [UI-BDS]     MEM usage after handle_ccores = 132.187m 344.922p
     [UI-BDS]     CPU usage after compute_struct_or_union_size = 4.313u 0.704s 5.017 0:07.000
     [UI-BDS]     MEM usage after compute_struct_or_union_size = 132.187m 344.922p
     [UI-BDS]     CPU usage after inline_functions = 4.321u 0.704s 5.026 0:07.000
     [UI-BDS]     MEM usage after inline_functions = 132.541m 344.922p
     [UI-BDS]     CPU usage after const_prop_for_cpp = 4.344u 0.704s 5.049 0:07.000
     [UI-BDS]     MEM usage after const_prop_for_cpp = 132.557m 344.922p
     [UI-BDS]     CPU usage after identify_wait_in_loops = 4.345u 0.704s 5.049 0:07.000
     [UI-BDS]     MEM usage after identify_wait_in_loops = 132.558m 344.922p
     [UI-BDS]     CPU usage after identify_unrolled_loops = 4.346u 0.704s 5.050 0:07.000
     [UI-BDS]     MEM usage after identify_unrolled_loops = 132.558m 344.922p
     [UI-BDS]     SLEC process is using 133 MB, peak 345 MB, and 7 seconds [+1MB, +0MB, +0s] @ Fri Apr  5 23:54:55 2024
     [UI-BDPM]    Started do_design_checks
     [CPT-PRCS]   CPU usage after checking RIU is 4.346u 0.704s 5.051 0:07.000
     [CPT-PRMS]   MEM usage after checking RIU is 132.559m 344.922p
     [UI-BDS]     SLEC process is using 133 MB, peak 345 MB, and 7 seconds [+0MB, +0MB, +0s] @ Fri Apr  5 23:54:55 2024
     [UI-BDPM]    Finished do_design_checks
     [UI-BDS]     CPU usage after do_design_checks = 4.347u 0.704s 5.051 0:07.000
     [UI-BDS]     MEM usage after do_design_checks = 132.558m 344.922p
     [UI-BDS]     CPU usage after remove_trailingstmts_after_jumpstmts = 4.347u 0.704s 5.052 0:07.000
     [UI-BDS]     MEM usage after remove_trailingstmts_after_jumpstmts = 132.558m 344.922p
     [UI-BDS]     SLEC process is using 133 MB, peak 345 MB, and 7 seconds [+0MB, +0MB, +0s] @ Fri Apr  5 23:54:55 2024
     [UI-BDPM]    Started record_design_checks
     [UI-BDS]     SLEC process is using 133 MB, peak 345 MB, and 7 seconds [+0MB, +0MB, +0s] @ Fri Apr  5 23:54:55 2024
     [UI-BDPM]    Finished record_design_checks
     [UI-BDS]     CPU usage after record_design_checks = 4.351u 0.705s 5.055 0:07.000
     [UI-BDS]     MEM usage after record_design_checks = 132.558m 344.922p
     [CPT-ULI]    Loop at '/home/m112/m112061621/soc_lab2-1/catapult-for-soc-course/lab1_fir/01_walkthrough_loops/fir.h:14' is unrolled.
     [CPT-RLI]    Loop at '/home/m112/m112061621/soc_lab2-1/catapult-for-soc-course/lab1_fir/01_walkthrough_loops/fir.h:24' is rolled.
     [CPT-RLI]    Loop at '/home/m112/m112061621/soc_lab2-1/catapult-for-soc-course/lab1_fir/01_walkthrough_loops/fir.h:31' is rolled.
     [CPT-RLI]    Loop at '/usr/cadtool/mentor/Catapult/2024.1/Mgc_home/pkgs/cds_cpc/rls/platform/common/slec/cat2slec_files/Adapters_IP/cpc_input_ac_channel_adapter.h:49' is rolled.
     [CPT-RLI]    Loop at '/home/m112/m112061621/soc_lab2-1/catapult-for-soc-course/lab1_fir/01_walkthrough_loops/Catapult/fir.v1/CDesignChecker/spec_wrapper.cpp:145' is rolled.
     [CPT-RLI]    Loop at '/home/m112/m112061621/soc_lab2-1/catapult-for-soc-course/lab1_fir/01_walkthrough_loops/fir.h:14' is rolled.
     [UI-BDS]     CPU usage after predicate_unrolled_loops = 4.352u 0.705s 5.056 0:07.000
     [UI-BDS]     MEM usage after predicate_unrolled_loops = 132.568m 344.922p
     [UI-BDS]     CPU usage after loop_unroll = 4.352u 0.705s 5.056 0:07.000
     [UI-BDS]     MEM usage after loop_unroll = 132.569m 344.922p
     [UI-BDS]     CPU usage after prune_cover_stmt = 4.352u 0.705s 5.057 0:07.000
     [UI-BDS]     MEM usage after prune_cover_stmt = 132.569m 344.922p
     [UI-BDS]     CPU usage after add_ref_on_assigns = 4.353u 0.705s 5.058 0:07.000
     [UI-BDS]     MEM usage after add_ref_on_assigns = 132.640m 344.922p
     [UI-BDS]     SLEC process is using 133 MB, peak 345 MB, and 7 seconds [+0MB, +0MB, +0s] @ Fri Apr  5 23:54:55 2024
     [UI-BDPM]    Finished Elab Compute :  Global_Scope

     [UI-BDS]     SLEC process is using 133 MB, peak 345 MB, and 7 seconds [+0MB, +0MB, +0s] @ Fri Apr  5 23:54:55 2024
     [UI-BDPM]    Finished Rename Malloced Variables :  Global_Scope

     [UI-BDS]     SLEC process is using 133 MB, peak 345 MB, and 7 seconds [+0MB, +0MB, +0s] @ Fri Apr  5 23:54:55 2024
     [UI-BDPM]    Finished Apply Constant :  Global_Scope

     [UI-BDS]     SLEC process is using 133 MB, peak 345 MB, and 7 seconds [+0MB, +0MB, +0s] @ Fri Apr  5 23:54:55 2024
     [UI-BDPM]    Finished Blast Struct Decls :  Global_Scope

     [UI-BDS]     SLEC process is using 133 MB, peak 345 MB, and 7 seconds [+0MB, +0MB, +0s] @ Fri Apr  5 23:54:55 2024
     [UI-BDPM]    Finished Array Synthesis :  Global_Scope

     [UI-BDS]     SLEC process is using 133 MB, peak 345 MB, and 7 seconds [+0MB, +0MB, +0s] @ Fri Apr  5 23:54:55 2024
     [UI-BDPM]    Finished Clean Unused ITTs :  Global_Scope

     [UI-BDS]     SLEC process is using 133 MB, peak 345 MB, and 7 seconds [+0MB, +0MB, +0s] @ Fri Apr  5 23:54:55 2024
     [UI-BDPM]    Finished Blast Array :  Global_Scope

     [UI-BDS]     SLEC process is using 133 MB, peak 345 MB, and 7 seconds [+0MB, +0MB, +0s] @ Fri Apr  5 23:54:55 2024
     [UI-BDPM]    Started elaboration:  input_ac_channel_read_ln26_bbox_7

     [UI-BDS]     SLEC process is using 133 MB, peak 345 MB, and 7 seconds [+0MB, +0MB, +0s] @ Fri Apr  5 23:54:55 2024
     [UI-BDPM]    Finished elaboration:  input_ac_channel_read_ln26_bbox_7

     [UI-BDS]     SLEC process is using 133 MB, peak 345 MB, and 7 seconds [+0MB, +0MB, +0s] @ Fri Apr  5 23:54:55 2024
     [UI-BDPM]    Started elaboration:  fir::fir

     [UI-BDS]     SLEC process is using 133 MB, peak 345 MB, and 7 seconds [+0MB, +0MB, +0s] @ Fri Apr  5 23:54:55 2024
     [UI-BDPM]    Finished elaboration:  fir::fir

     [UI-BDS]     SLEC process is using 133 MB, peak 345 MB, and 7 seconds [+0MB, +0MB, +0s] @ Fri Apr  5 23:54:55 2024
     [UI-BDPM]    Started elaboration:  fir::fir

     [UI-BDS]     SLEC process is using 133 MB, peak 345 MB, and 7 seconds [+0MB, +0MB, +0s] @ Fri Apr  5 23:54:55 2024
     [UI-BDPM]    Finished elaboration:  fir::fir

     [UI-BDS]     SLEC process is using 133 MB, peak 345 MB, and 7 seconds [+0MB, +0MB, +0s] @ Fri Apr  5 23:54:55 2024
     [UI-BDPM]    Started elaboration:  fir::run

     [CPT-WFLM]   (/home/m112/m112061621/soc_lab2-1/catapult-for-soc-course/lab1_fir/01_walkthrough_loops/fir.h:32) : Potential source of large muxes detected. Size of mux created due to each array at this source relation: THIS_fir/262969.regs - 7:1 Mux .
     [CPT-WFLM]   (/home/m112/m112061621/soc_lab2-1/catapult-for-soc-course/lab1_fir/01_walkthrough_loops/fir.h:32) : Potential source of large muxes detected. Size of mux created due to each array at this source relation: local_coeffs - 7:1 Mux .
     [CPT-WFLM]   (/home/m112/m112061621/soc_lab2-1/catapult-for-soc-course/lab1_fir/01_walkthrough_loops/fir.h:28) : Potential source of large muxes detected. Size of mux created due to each array at this source relation: THIS_fir/262969.regs - 7:1 Mux .
     [CPT-WFLM]   (/home/m112/m112061621/soc_lab2-1/catapult-for-soc-course/lab1_fir/01_walkthrough_loops/fir.h:28) : Potential source of large muxes detected. Size of mux created due to each array at this source relation: THIS_fir/262969.regs - 7:1 Mux .
     [UI-BDS]     SLEC process is using 134 MB, peak 345 MB, and 7 seconds [+1MB, +0MB, +0s] @ Fri Apr  5 23:54:55 2024
     [UI-BDPM]    Finished elaboration:  fir::run

     [UI-BDS]     SLEC process is using 134 MB, peak 345 MB, and 7 seconds [+0MB, +0MB, +0s] @ Fri Apr  5 23:54:55 2024
     [UI-BDPM]    Started elaboration:  input_ac_channel_adapter<8,1> and all its member functions

     [UI-BDS]     SLEC process is using 134 MB, peak 345 MB, and 7 seconds [+0MB, +0MB, +0s] @ Fri Apr  5 23:54:55 2024
     [UI-BDPM]    Started elaboration:  Scope

     [UI-BDS]     SLEC process is using 134 MB, peak 345 MB, and 7 seconds [+0MB, +0MB, +0s] @ Fri Apr  5 23:54:55 2024
     [UI-BDPM]    Finished elaboration:  Scope

     [UI-BDS]     SLEC process is using 134 MB, peak 345 MB, and 7 seconds [+0MB, +0MB, +0s] @ Fri Apr  5 23:54:55 2024
     [UI-BDPM]    Started elaboration:  input_ac_channel_adapter<8,1>::main_method

     [UI-BDS]     SLEC process is using 134 MB, peak 345 MB, and 7 seconds [+0MB, +0MB, +0s] @ Fri Apr  5 23:54:55 2024
     [UI-BDPM]    Finished elaboration:  input_ac_channel_adapter<8,1>::main_method

     [UI-BDS]     SLEC process is using 134 MB, peak 345 MB, and 7 seconds [+0MB, +0MB, +0s] @ Fri Apr  5 23:54:55 2024
     [UI-BDPM]    Started elaboration:  input_ac_channel_adapter<8,1>::input_ac_channel_adapter

     [UI-BDS]     SLEC process is using 134 MB, peak 345 MB, and 7 seconds [+0MB, +0MB, +0s] @ Fri Apr  5 23:54:55 2024
     [UI-BDPM]    Finished elaboration:  input_ac_channel_adapter<8,1>::input_ac_channel_adapter

     [UI-BDS]     SLEC process is using 134 MB, peak 345 MB, and 7 seconds [+0MB, +0MB, +0s] @ Fri Apr  5 23:54:55 2024
     [UI-BDPM]    Finished elaboration:  input_ac_channel_adapter<8,1> and all its member functions

     [UI-BDS]     SLEC process is using 134 MB, peak 345 MB, and 7 seconds [+0MB, +0MB, +0s] @ Fri Apr  5 23:54:55 2024
     [UI-BDPM]    Started elaboration:  spec_wrapper and all its member functions

     [UI-BDS]     SLEC process is using 134 MB, peak 345 MB, and 7 seconds [+0MB, +0MB, +0s] @ Fri Apr  5 23:54:55 2024
     [UI-BDPM]    Started elaboration:  Scope

     [UI-BDS]     SLEC process is using 134 MB, peak 345 MB, and 7 seconds [+0MB, +0MB, +0s] @ Fri Apr  5 23:54:55 2024
     [UI-BDPM]    Finished elaboration:  Scope

     [UI-BDS]     SLEC process is using 134 MB, peak 345 MB, and 7 seconds [+0MB, +0MB, +0s] @ Fri Apr  5 23:54:55 2024
     [UI-BDPM]    Started elaboration:  spec_wrapper::process_input

     [UI-BDS]     SLEC process is using 134 MB, peak 345 MB, and 7 seconds [+0MB, +0MB, +0s] @ Fri Apr  5 23:54:55 2024
     [UI-BDPM]    Finished elaboration:  spec_wrapper::process_input

     [UI-BDS]     SLEC process is using 134 MB, peak 345 MB, and 7 seconds [+0MB, +0MB, +0s] @ Fri Apr  5 23:54:55 2024
     [UI-BDPM]    Started elaboration:  spec_wrapper::set_constants

     [UI-BDS]     SLEC process is using 134 MB, peak 345 MB, and 7 seconds [+0MB, +0MB, +0s] @ Fri Apr  5 23:54:55 2024
     [UI-BDPM]    Finished elaboration:  spec_wrapper::set_constants

     [UI-BDS]     SLEC process is using 134 MB, peak 345 MB, and 7 seconds [+0MB, +0MB, +0s] @ Fri Apr  5 23:54:55 2024
     [UI-BDPM]    Started elaboration:  spec_wrapper::process_output

     [UI-BDS]     SLEC process is using 134 MB, peak 345 MB, and 7 seconds [+0MB, +0MB, +0s] @ Fri Apr  5 23:54:55 2024
     [UI-BDPM]    Finished elaboration:  spec_wrapper::process_output

     [UI-BDS]     SLEC process is using 134 MB, peak 345 MB, and 7 seconds [+0MB, +0MB, +0s] @ Fri Apr  5 23:54:55 2024
     [UI-BDPM]    Started elaboration:  spec_wrapper::generate_clk_rst

     [UI-BDS]     SLEC process is using 134 MB, peak 345 MB, and 7 seconds [+0MB, +0MB, +0s] @ Fri Apr  5 23:54:55 2024
     [UI-BDPM]    Finished elaboration:  spec_wrapper::generate_clk_rst

     [UI-BDS]     SLEC process is using 134 MB, peak 345 MB, and 7 seconds [+0MB, +0MB, +0s] @ Fri Apr  5 23:54:55 2024
     [UI-BDPM]    Started elaboration:  spec_wrapper::doit

     [UI-BDS]     SLEC process is using 134 MB, peak 345 MB, and 7 seconds [+0MB, +0MB, +0s] @ Fri Apr  5 23:54:55 2024
     [UI-BDPM]    Finished elaboration:  spec_wrapper::doit

     [UI-BDS]     SLEC process is using 134 MB, peak 345 MB, and 7 seconds [+0MB, +0MB, +0s] @ Fri Apr  5 23:54:55 2024
     [UI-BDPM]    Started elaboration:  spec_wrapper::spec_wrapper

     [UI-BDS]     SLEC process is using 134 MB, peak 345 MB, and 7 seconds [+0MB, +0MB, +0s] @ Fri Apr  5 23:54:55 2024
     [UI-BDPM]    Finished elaboration:  spec_wrapper::spec_wrapper

     [UI-BDS]     SLEC process is using 134 MB, peak 345 MB, and 7 seconds [+0MB, +0MB, +0s] @ Fri Apr  5 23:54:55 2024
     [UI-BDPM]    Finished elaboration:  spec_wrapper and all its member functions

     [UI-BDS]     SLEC process is using 132 MB, peak 345 MB, and 7 seconds [-2MB, +0MB, +0s] @ Fri Apr  5 23:54:55 2024
     [UI-BDPM]    Finished Cleanup :  

     [UI-BDS]     SLEC process is using 132 MB, peak 345 MB, and 7 seconds [+0MB, +0MB, +0s] @ Fri Apr  5 23:54:55 2024
     [UI-BDPM]    Finished Downscope Globals :  

     [UI-BDS]     CPU usage after cpp_elaborate = 4.398u 0.714s 5.111 0:07.000
     [UI-BDS]     MEM usage after cpp_elaborate = 132.070m 344.922p
     [UI-BDS]     CPU usage after convert_coverstmt_to_cvrassert = 4.398u 0.714s 5.111 0:07.000
     [UI-BDS]     MEM usage after convert_coverstmt_to_cvrassert = 132.071m 344.922p
     [UI-BDS]     CPU usage after uniquify_bboxes_and_insert_probes = 4.398u 0.714s 5.112 0:07.000
     [UI-BDS]     MEM usage after uniquify_bboxes_and_insert_probes = 132.071m 344.922p
     [UI-BDS]     CPU usage after cover_check_reporter = 4.398u 0.714s 5.112 0:07.000
     [UI-BDS]     MEM usage after cover_check_reporter = 132.072m 344.922p
     [UI-BDS]     CPU usage after cleanup = 4.398u 0.714s 5.112 0:07.000
     [UI-BDS]     MEM usage after cleanup = 132.072m 344.922p
     [UI-BDS]     CPU usage after post_elab_const_prop = 4.409u 0.714s 5.123 0:07.000
     [UI-BDS]     MEM usage after post_elab_const_prop = 132.064m 344.922p
     [UI-BDS]     SLEC process is using 132 MB, peak 345 MB, and 7 seconds [+0MB, +0MB, +0s] @ Fri Apr  5 23:54:55 2024
     [UI-BDPM]    Started record_design_checks
     [UI-BDS]     SLEC process is using 132 MB, peak 345 MB, and 7 seconds [+0MB, +0MB, +0s] @ Fri Apr  5 23:54:55 2024
     [UI-BDPM]    Finished record_design_checks
     [UI-BDS]     CPU usage after record_design_checks = 4.411u 0.715s 5.126 0:07.000
     [UI-BDS]     MEM usage after record_design_checks = 132.064m 344.922p
     [UI-BDS]     CPU usage after handle_float_types_natively = 4.411u 0.716s 5.127 0:07.000
     [UI-BDS]     MEM usage after handle_float_types_natively = 132.065m 344.922p
     [UI-BDS]     CPU usage after transform_slice_write = 4.412u 0.716s 5.127 0:07.000
     [UI-BDS]     MEM usage after transform_slice_write = 132.065m 344.922p
     [UI-BDS]     SLEC process is using 132 MB, peak 345 MB, and 7 seconds [+0MB, +0MB, +0s] @ Fri Apr  5 23:54:55 2024
     [UI-BDPM]    Started do_design_checks
     [CPT-PRCS]   CPU usage after checking CCC is 4.412u 0.716s 5.127 0:07.000
     [CPT-PRMS]   MEM usage after checking CCC is 132.064m 344.922p
     [CPT-PRCS]   CPU usage after checking RRT is 4.412u 0.716s 5.127 0:07.000
     [CPT-PRMS]   MEM usage after checking RRT is 132.064m 344.922p
     [UI-BDS]     SLEC process is using 132 MB, peak 345 MB, and 7 seconds [+0MB, +0MB, +0s] @ Fri Apr  5 23:54:55 2024
     [UI-BDPM]    Finished do_design_checks
     [UI-BDS]     CPU usage after do_design_checks = 4.412u 0.716s 5.127 0:07.000
     [UI-BDS]     MEM usage after do_design_checks = 132.062m 344.922p
     [UI-BDS]     CPU usage after infer_power_up_values = 4.416u 0.716s 5.132 0:07.000
     [UI-BDS]     MEM usage after infer_power_up_values = 132.067m 344.922p
     [UI-BDS]     CPU usage after const_fold = 4.416u 0.716s 5.132 0:07.000
     [UI-BDS]     MEM usage after const_fold = 132.066m 344.922p
     [UI-BDS]     CPU usage after infer_clock = 4.416u 0.716s 5.132 0:07.000
     [UI-BDS]     MEM usage after infer_clock = 132.067m 344.922p
     [UI-BDS]     CPU usage after synthesize_sequential_hierarchies = 4.417u 0.716s 5.133 0:07.000
     [UI-BDS]     MEM usage after synthesize_sequential_hierarchies = 132.070m 344.922p
     [UI-BDS]     CPU usage after transform_mem_comb_read = 4.418u 0.716s 5.133 0:07.000
     [UI-BDS]     MEM usage after transform_mem_comb_read = 132.070m 344.922p
     [UI-BDS]     CPU usage after introduce_writes_for_roms = 4.418u 0.716s 5.133 0:07.000
     [UI-BDS]     MEM usage after introduce_writes_for_roms = 132.071m 344.922p
     [UI-BDS]     CPU usage after reset_restr = 4.418u 0.716s 5.133 0:07.000
     [UI-BDS]     MEM usage after reset_restr = 132.073m 344.922p
     [UI-BDS]     CPU usage after handle_ac_probe_stmts = 4.418u 0.716s 5.133 0:07.000
     [UI-BDS]     MEM usage after handle_ac_probe_stmts = 132.074m 344.922p
     [UI-BDS]     CPU usage after coalesce_multi_concats = 4.418u 0.716s 5.134 0:07.000
     [UI-BDS]     MEM usage after coalesce_multi_concats = 132.074m 344.922p
     [UI-BDS]     CPU usage after remove_sc_int_upcasts = 4.418u 0.716s 5.134 0:07.000
     [UI-BDS]     MEM usage after remove_sc_int_upcasts = 132.074m 344.922p
     [UI-BDS]     CPU usage after handle_shift_operations = 4.418u 0.716s 5.134 0:07.000
     [UI-BDS]     MEM usage after handle_shift_operations = 132.091m 344.922p
     [UI-BDS]     CPU usage after var_bit_range = 4.419u 0.716s 5.134 0:07.000
     [UI-BDS]     MEM usage after var_bit_range = 132.092m 344.922p
     [UI-BDS]     CPU usage after var_bit_sel = 4.419u 0.716s 5.134 0:07.000
     [UI-BDS]     MEM usage after var_bit_sel = 132.092m 344.922p
     [UI-BDS]     CPU usage after convert_upto_bit_ranges = 4.419u 0.716s 5.134 0:07.000
     [UI-BDS]     MEM usage after convert_upto_bit_ranges = 132.092m 344.922p
     [UI-BDS]     CPU usage after bit_split = 4.419u 0.716s 5.135 0:07.000
     [UI-BDS]     MEM usage after bit_split = 132.093m 344.922p
     [UI-BDS]     CPU usage after coalesce_concats = 4.419u 0.716s 5.135 0:07.000
     [UI-BDS]     MEM usage after coalesce_concats = 132.093m 344.922p
     [UI-BDS]     CPU usage after concat2sel = 4.420u 0.716s 5.135 0:07.000
     [UI-BDS]     MEM usage after concat2sel = 132.093m 344.922p
     [UI-BDS]     CPU usage after break_array_read_ps = 4.420u 0.716s 5.135 0:07.000
     [UI-BDS]     MEM usage after break_array_read_ps = 132.117m 344.922p
     [UI-BDS]     SLEC process is using 132 MB, peak 345 MB, and 7 seconds [+0MB, +0MB, +0s] @ Fri Apr  5 23:54:55 2024
     [UI-BDPM]    Started record_design_checks
     [UI-BDS]     SLEC process is using 132 MB, peak 345 MB, and 7 seconds [+0MB, +0MB, +0s] @ Fri Apr  5 23:54:55 2024
     [UI-BDPM]    Finished record_design_checks
     [UI-BDS]     CPU usage after record_design_checks = 4.423u 0.716s 5.138 0:07.000
     [UI-BDS]     MEM usage after record_design_checks = 132.126m 344.922p
     [UI-BDS]     CPU usage after add_umr_detection_checks = 4.455u 0.716s 5.171 0:07.000
     [UI-BDS]     MEM usage after add_umr_detection_checks = 132.523m 344.922p
     [UI-BDS]     SLEC process is using 133 MB, peak 345 MB, and 7 seconds [+1MB, +0MB, +0s] @ Fri Apr  5 23:54:55 2024
     [UI-BDPM]    Started do_design_checks
     [CPT-PRCS]   CPU usage after checking UMR is 4.455u 0.716s 5.171 0:07.000
     [CPT-PRMS]   MEM usage after checking UMR is 132.524m 344.922p
     [UI-BDS]     SLEC process is using 133 MB, peak 345 MB, and 7 seconds [+0MB, +0MB, +0s] @ Fri Apr  5 23:54:55 2024
     [UI-BDPM]    Finished do_design_checks
     [UI-BDS]     CPU usage after do_design_checks = 4.455u 0.716s 5.171 0:07.000
     [UI-BDS]     MEM usage after do_design_checks = 132.523m 344.922p
     [UI-BDS]     CPU usage after remove_trivially_true_asserts = 4.455u 0.716s 5.171 0:07.000
     [UI-BDS]     MEM usage after remove_trivially_true_asserts = 132.514m 344.922p
     [UI-BDS]     CPU usage after update_internal_assert_src_rel = 4.455u 0.716s 5.172 0:07.000
     [UI-BDS]     MEM usage after update_internal_assert_src_rel = 132.514m 344.922p
     [UI-BDS]     SLEC process is using 133 MB, peak 345 MB, and 7 seconds [+0MB, +0MB, +0s] @ Fri Apr  5 23:54:55 2024
     [UI-BDPM]    Started record_design_checks
     [UI-BDS]     SLEC process is using 133 MB, peak 345 MB, and 7 seconds [+0MB, +0MB, +0s] @ Fri Apr  5 23:54:55 2024
     [UI-BDPM]    Finished record_design_checks
     [UI-BDS]     CPU usage after record_design_checks = 4.456u 0.719s 5.175 0:07.000
     [UI-BDS]     MEM usage after record_design_checks = 132.514m 344.922p
     [UI-BDS]     CPU usage after ccovercheck_dominator = 4.456u 0.719s 5.175 0:07.000
     [UI-BDS]     MEM usage after ccovercheck_dominator = 132.515m 344.922p
     [CPT-PCM]    Number of Property Checks: asc='NA'; cvr='NA'; abr=0; abw=0; dbz=0; ise=0; cas=0; umr=0; ovf=0;
     [UI-BDS]     CPU usage after handle_property_asserts = 4.457u 0.720s 5.177 0:07.000
     [UI-BDS]     MEM usage after handle_property_asserts = 132.507m 344.922p
     [UI-BDS]     SLEC process is using 133 MB, peak 345 MB, and 7 seconds [+0MB, +0MB, +0s] @ Fri Apr  5 23:54:55 2024
     [UI-BDPM]    Started record_design_checks
     [UI-BDS]     SLEC process is using 133 MB, peak 345 MB, and 7 seconds [+0MB, +0MB, +0s] @ Fri Apr  5 23:54:55 2024
     [UI-BDPM]    Finished record_design_checks
     [UI-BDS]     CPU usage after record_design_checks = 4.459u 0.721s 5.180 0:07.000
     [UI-BDS]     MEM usage after record_design_checks = 132.507m 344.922p
     [UI-BDS]     CPU usage after cleanup_empty_seq_block = 4.463u 0.721s 5.184 0:07.000
     [UI-BDS]     MEM usage after cleanup_empty_seq_block = 132.322m 344.922p
     [UI-BDS]     CPU usage after cpt_insert_waits_forcpc = 4.463u 0.721s 5.185 0:07.000
     [UI-BDS]     MEM usage after cpt_insert_waits_forcpc = 132.323m 344.922p
     [UI-BDS]     CPU usage after wait_restr = 4.475u 0.721s 5.196 0:07.000
     [UI-BDS]     MEM usage after wait_restr = 132.419m 344.922p
     [UI-BDS]     CPU usage after reset_probes = 4.475u 0.721s 5.196 0:07.000
     [UI-BDS]     MEM usage after reset_probes = 132.419m 344.922p
     [UI-BDS]     CPU usage after remove_dead_assigns = 4.477u 0.721s 5.198 0:07.000
     [UI-BDS]     MEM usage after remove_dead_assigns = 132.238m 344.922p
     [UI-BDS]     CPU usage after remove_x_assignments = 4.477u 0.721s 5.198 0:07.000
     [UI-BDS]     MEM usage after remove_x_assignments = 132.234m 344.922p
     [UI-BDS]     CPU usage after nb2b = 4.477u 0.721s 5.199 0:07.000
     [UI-BDS]     MEM usage after nb2b = 132.237m 344.922p
     [UI-BDS]     CPU usage after const_fold = 4.477u 0.721s 5.199 0:07.000
     [UI-BDS]     MEM usage after const_fold = 132.238m 344.922p
     [UI-BDS]     CPU usage after match_operand_widths = 4.478u 0.721s 5.199 0:07.000
     [UI-BDS]     MEM usage after match_operand_widths = 132.240m 344.922p
     [UI-BDS]     CPU usage after remove_dead_assigns = 4.478u 0.722s 5.200 0:07.000
     [UI-BDS]     MEM usage after remove_dead_assigns = 132.237m 344.922p
     [UI-BDS]     CPU usage after mux_compaction = 4.478u 0.723s 5.200 0:07.000
     [UI-BDS]     MEM usage after mux_compaction = 132.207m 344.922p
     [UI-BDS]     CPU usage after cleanup_attributes = 4.478u 0.723s 5.200 0:07.000
     [UI-BDS]     MEM usage after cleanup_attributes = 132.203m 344.922p
     [UI-BDS]     CPU usage after prep_for_cdb = 4.478u 0.723s 5.201 0:07.000
     [UI-BDS]     MEM usage after prep_for_cdb = 132.195m 344.922p
     [UI-BDS]     CPU usage after cpt::handle_static_prop_waivechecks = 4.478u 0.723s 5.201 0:07.000
     [UI-BDS]     MEM usage after cpt::handle_static_prop_waivechecks = 132.196m 344.922p
     [UI-BDPM]    Building module input_ac_channel_read_ln26_bbox_7_1
     [UI-BDS]     SLEC process is using 133 MB, peak 345 MB, and 9 seconds [+0MB, +0MB, +2s] @ Fri Apr  5 23:54:57 2024
     [UI-BDPM]    Finished building cfg

     [UI-BDS]     SLEC process is using 133 MB, peak 345 MB, and 9 seconds [+0MB, +0MB, +0s] @ Fri Apr  5 23:54:57 2024
     [UI-BDPM]    Finished building dependence graph

     [UI-BDS]     SLEC process is using 133 MB, peak 345 MB, and 9 seconds [+0MB, +0MB, +0s] @ Fri Apr  5 23:54:57 2024
     [UI-BDPM]    Finished building simple nodes

     [UI-BDS]     SLEC process is using 133 MB, peak 345 MB, and 9 seconds [+0MB, +0MB, +0s] @ Fri Apr  5 23:54:57 2024
     [UI-BDPM]    Finished building merge nodes

     [UI-BDS]     SLEC process is using 133 MB, peak 345 MB, and 9 seconds [+0MB, +0MB, +0s] @ Fri Apr  5 23:54:57 2024
     [UI-BDPM]    Finished building thread merge nodes

     [UI-BDS]     SLEC process is using 133 MB, peak 345 MB, and 9 seconds [+0MB, +0MB, +0s] @ Fri Apr  5 23:54:57 2024
     [UI-BDPM]    Finished building entry nodes

     [UI-BDS]     SLEC process is using 133 MB, peak 345 MB, and 9 seconds [+0MB, +0MB, +0s] @ Fri Apr  5 23:54:57 2024
     [UI-BDPM]    Finished building decl nodes

     [UI-BDS]     SLEC process is using 133 MB, peak 345 MB, and 9 seconds [+0MB, +0MB, +0s] @ Fri Apr  5 23:54:57 2024
     [UI-BDPM]    Finished building nodes

     [UI-BDS]     SLEC process is using 133 MB, peak 345 MB, and 9 seconds [+0MB, +0MB, +0s] @ Fri Apr  5 23:54:57 2024
     [UI-BDPM]    Finished collecting defs

     [UI-BDS]     SLEC process is using 133 MB, peak 345 MB, and 9 seconds [+0MB, +0MB, +0s] @ Fri Apr  5 23:54:57 2024
     [UI-BDPM]    Finished computing reachins

     [UI-BDS]     SLEC process is using 133 MB, peak 345 MB, and 9 seconds [+0MB, +0MB, +0s] @ Fri Apr  5 23:54:57 2024
     [UI-BDPM]    Finished building edges

     [UI-BDS]     SLEC process is using 133 MB, peak 345 MB, and 9 seconds [+0MB, +0MB, +0s] @ Fri Apr  5 23:54:57 2024
     [UI-BDPM]    Finished cleaning spurious thread merges

     [UI-BDPM]    Building module fir::run
     [UI-BDS]     SLEC process is using 133 MB, peak 345 MB, and 9 seconds [+0MB, +0MB, +0s] @ Fri Apr  5 23:54:57 2024
     [UI-BDPM]    Finished building cfg

     [UI-BDS]     SLEC process is using 133 MB, peak 345 MB, and 9 seconds [+0MB, +0MB, +0s] @ Fri Apr  5 23:54:57 2024
     [UI-BDPM]    Finished building dependence graph

     [UI-BDS]     SLEC process is using 133 MB, peak 345 MB, and 9 seconds [+0MB, +0MB, +0s] @ Fri Apr  5 23:54:57 2024
     [UI-BDPM]    Finished building simple nodes

     [UI-BDS]     SLEC process is using 133 MB, peak 345 MB, and 9 seconds [+0MB, +0MB, +0s] @ Fri Apr  5 23:54:57 2024
     [UI-BDPM]    Finished building merge nodes

     [UI-BDS]     SLEC process is using 133 MB, peak 345 MB, and 9 seconds [+0MB, +0MB, +0s] @ Fri Apr  5 23:54:57 2024
     [UI-BDPM]    Finished building thread merge nodes

     [UI-BDS]     SLEC process is using 133 MB, peak 345 MB, and 9 seconds [+0MB, +0MB, +0s] @ Fri Apr  5 23:54:57 2024
     [UI-BDPM]    Finished building entry nodes

     [UI-BDS]     SLEC process is using 133 MB, peak 345 MB, and 9 seconds [+0MB, +0MB, +0s] @ Fri Apr  5 23:54:57 2024
     [UI-BDPM]    Finished building decl nodes

     [UI-BDS]     SLEC process is using 133 MB, peak 345 MB, and 9 seconds [+0MB, +0MB, +0s] @ Fri Apr  5 23:54:57 2024
     [UI-BDPM]    Finished building nodes

     [UI-BDS]     SLEC process is using 133 MB, peak 345 MB, and 9 seconds [+0MB, +0MB, +0s] @ Fri Apr  5 23:54:57 2024
     [UI-BDPM]    Finished collecting defs

     [UI-BDS]     SLEC process is using 133 MB, peak 345 MB, and 9 seconds [+0MB, +0MB, +0s] @ Fri Apr  5 23:54:57 2024
     [UI-BDPM]    Finished computing reachins

     [UI-BDS]     SLEC process is using 133 MB, peak 345 MB, and 9 seconds [+0MB, +0MB, +0s] @ Fri Apr  5 23:54:57 2024
     [UI-BDPM]    Finished building edges

     [UI-BDS]     SLEC process is using 133 MB, peak 345 MB, and 9 seconds [+0MB, +0MB, +0s] @ Fri Apr  5 23:54:57 2024
     [UI-BDPM]    Finished cleaning spurious thread merges

     [UI-BDPM]    Building module spec_wrapper
     [UI-BDS]     SLEC process is using 133 MB, peak 345 MB, and 9 seconds [+0MB, +0MB, +0s] @ Fri Apr  5 23:54:57 2024
     [UI-BDPM]    Finished building cfg

     [UI-BDS]     SLEC process is using 133 MB, peak 345 MB, and 9 seconds [+0MB, +0MB, +0s] @ Fri Apr  5 23:54:57 2024
     [UI-BDPM]    Finished building dependence graph

     [UI-BDS]     SLEC process is using 133 MB, peak 345 MB, and 9 seconds [+0MB, +0MB, +0s] @ Fri Apr  5 23:54:57 2024
     [UI-BDPM]    Finished building simple nodes

     [UI-BDS]     SLEC process is using 133 MB, peak 345 MB, and 9 seconds [+0MB, +0MB, +0s] @ Fri Apr  5 23:54:57 2024
     [UI-BDPM]    Finished building merge nodes

     [UI-BDS]     SLEC process is using 133 MB, peak 345 MB, and 9 seconds [+0MB, +0MB, +0s] @ Fri Apr  5 23:54:57 2024
     [UI-BDPM]    Finished building thread merge nodes

     [UI-BDS]     SLEC process is using 133 MB, peak 345 MB, and 9 seconds [+0MB, +0MB, +0s] @ Fri Apr  5 23:54:57 2024
     [UI-BDPM]    Finished building entry nodes

     [UI-BDS]     SLEC process is using 133 MB, peak 345 MB, and 9 seconds [+0MB, +0MB, +0s] @ Fri Apr  5 23:54:57 2024
     [UI-BDPM]    Finished building decl nodes

     [UI-BDS]     SLEC process is using 133 MB, peak 345 MB, and 9 seconds [+0MB, +0MB, +0s] @ Fri Apr  5 23:54:57 2024
     [UI-BDPM]    Finished building nodes

     [UI-BDS]     SLEC process is using 133 MB, peak 345 MB, and 9 seconds [+0MB, +0MB, +0s] @ Fri Apr  5 23:54:57 2024
     [UI-BDPM]    Finished collecting defs

     [UI-BDS]     SLEC process is using 133 MB, peak 345 MB, and 9 seconds [+0MB, +0MB, +0s] @ Fri Apr  5 23:54:57 2024
     [UI-BDPM]    Finished computing reachins

     [UI-BDS]     SLEC process is using 133 MB, peak 345 MB, and 9 seconds [+0MB, +0MB, +0s] @ Fri Apr  5 23:54:57 2024
     [UI-BDPM]    Finished building edges

     [UI-BDS]     SLEC process is using 133 MB, peak 345 MB, and 9 seconds [+0MB, +0MB, +0s] @ Fri Apr  5 23:54:57 2024
     [UI-BDPM]    Finished cleaning spurious thread merges

     [UI-BDS]     CPU usage after build_cdb = 4.660u 0.936s 5.595 0:09.000
     [UI-BDS]     MEM usage after build_cdb = 77.923m 344.922p
     [UI-BDS]     CPU usage after _rename_operators = 4.661u 0.936s 5.597 0:09.000
     [UI-BDS]     MEM usage after _rename_operators = 77.943m 344.922p
     [UI-BDS]     CPU usage after _buf_rm = 4.662u 0.936s 5.598 0:09.000
     [UI-BDS]     MEM usage after _buf_rm = 77.819m 344.922p
     [UI-BDS]     CPU usage after _reduce_comparators = 4.662u 0.936s 5.598 0:09.000
     [UI-BDS]     MEM usage after _reduce_comparators = 77.821m 344.922p
     [UI-BDS]     CPU usage after _merge_cdbmerge_node = 4.663u 0.936s 5.598 0:09.000
     [UI-BDS]     MEM usage after _merge_cdbmerge_node = 77.821m 344.922p
     [UI-BDS]     CPU usage after _infer_muxlatch = 4.664u 0.936s 5.599 0:09.000
     [UI-BDS]     MEM usage after _infer_muxlatch = 77.785m 344.922p
     [UI-BDS]     CPU usage after bls_node = 4.664u 0.936s 5.600 0:09.000
     [UI-BDS]     MEM usage after bls_node = 77.786m 344.922p
     [UI-BDS]     CPU usage after bls_node = 4.664u 0.936s 5.600 0:09.000
     [UI-BDS]     MEM usage after bls_node = 77.786m 344.922p
     [UI-BDS]     CPU usage after _replace_latches_with_ff = 4.664u 0.936s 5.600 0:09.000
     [UI-BDS]     MEM usage after _replace_latches_with_ff = 77.786m 344.922p
     [UI-BDS]     CPU usage after _mem_cell_2_mem_mod = 4.664u 0.936s 5.600 0:09.000
     [UI-BDS]     MEM usage after _mem_cell_2_mem_mod = 77.786m 344.922p
     [UI-BDS]     CPU usage after _replace_float_shells = 4.665u 0.936s 5.600 0:09.000
     [UI-BDS]     MEM usage after _replace_float_shells = 77.787m 344.922p
     [UI-BDS]     CPU usage after _buf_rm = 4.665u 0.936s 5.601 0:09.000
     [UI-BDS]     MEM usage after _buf_rm = 77.787m 344.922p
     [UI-BDS]     CPU usage after bls_node = 4.666u 0.937s 5.603 0:09.000
     [UI-BDS]     MEM usage after bls_node = 77.778m 344.922p
     [UI-BDS]     CPU usage after _deadcode_elim = 4.667u 0.937s 5.604 0:09.000
     [UI-BDS]     MEM usage after _deadcode_elim = 77.675m 344.922p
     [UI-BDS]     CPU usage after _uniqify = 4.668u 0.937s 5.604 0:09.000
     [UI-BDS]     MEM usage after _uniqify = 77.675m 344.922p
     [UI-BDS]     CPU usage after _remove_transparent_latch = 4.668u 0.937s 5.604 0:09.000
     [UI-BDS]     MEM usage after _remove_transparent_latch = 77.675m 344.922p
