+-----------------------------------------------------------------------------------+
|                                                                                   |
| Generated by SLEC-2024.1/1088044  (Jan 29 2024)  linux64  S2401292355             |
| on Fri Apr  5 23:54:57 2024.                                                      |
|                                                                                   |
| Restrictions concerning the use of Siemens SLEC                                   |
| are covered in the license agreement. Distribution to third party                 |
| is strictly prohibited.                                                           |
|                                                                                   |
+-----------------------------------------------------------------------------------+

     [CDB-CCLH]   Report of Consistency Checks of the design.
     [CDB-CCS]    'Warning' = '0'
     [CDB-CCS]    'Error' = '0'
     [CDB-CCS]    'Abort' = '0'
     [CDB-CCLF]   End of Report of Consistency Checks of the design.
+-----------------------------------------------------------------------------------+
|                                                                                   |
| Generated by SLEC-2024.1/1088044  (Jan 29 2024)  linux64  S2401292355             |
| on Fri Apr  5 23:54:57 2024.                                                      |
|                                                                                   |
| Restrictions concerning the use of Siemens SLEC                                   |
| are covered in the license agreement. Distribution to third party                 |
| is strictly prohibited.                                                           |
|                                                                                   |
+-----------------------------------------------------------------------------------+

     [CDB-CCLH]   Report of Consistency Checks of the design.
     [CDB-CCS]    'Warning' = '0'
     [CDB-CCS]    'Error' = '0'
     [CDB-CCS]    'Abort' = '0'
     [CDB-CCLF]   End of Report of Consistency Checks of the design.
