+-----------------------------------------------------------------------------------+
|                                                                                   |
| Generated by SLEC-2024.1/1088044  (Jan 29 2024)  linux64  S2401292355             |
| on Fri Apr  5 23:54:58 2024.                                                      |
|                                                                                   |
| Restrictions concerning the use of Siemens SLEC                                   |
| are covered in the license agreement. Distribution to third party                 |
| is strictly prohibited.                                                           |
|                                                                                   |
+-----------------------------------------------------------------------------------+

### BEGIN Simulation-based Validation
### END Simulation-based Validation

### BEGIN Induct Init Checks
# (6 sec) ### BEGIN PEN proofs
# (6 sec) ### END PEN proofs
# PROVEN      (10 sec) # create_map -intermediate spec.Calypto_transaction_done  impl.dummy_impl_out  -valid impl.cc_const_value_1u_h0_impl ; # (1 bit unsigned, 1 bit unsigned) (l1=0, l2=0, lv=0, ind=0) /home/m112/m112061621/soc_lab2-1/catapult-for-soc-course/lab1_fir/01_walkthrough_loops/Catapult/fir.v1/CDesignChecker/calypto/
### END Induct Init Checks

### BEGIN Trivial proof scan
# PROVEN      (10 sec) # create_map -intermedi+-----------------------------------------------------------------------------------+
|                                                                                   |
| Generated by SLEC-2024.1/1088044  (Jan 29 2024)  linux64  S2401292355             |
| on Fri Apr  5 23:54:58 2024.                                                      |
|                                                                                   |
| Restrictions concerning the use of Siemens SLEC                                   |
| are covered in the license agreement. Distribution to third party                 |
| is strictly prohibited.                                                           |
|                                                                                   |
+-----------------------------------------------------------------------------------+

### BEGIN Simulation-based Validation
### END Simulation-based Validation

### BEGIN Induct Init Checks
# (6 sec) ### BEGIN PEN proofs
# (6 sec) ### END PEN proofs
# PROVEN      (10 sec) # create_map -intermediate spec.Calypto_transaction_done  impl.dummy_impl_out  -valid impl.cc_const_value_1u_h0_impl ; # (1 bit unsigned, 1 bit unsigned) (l1=0, l2=0, lv=0, ind=0) /home/m112/m112061621/soc_lab2-1/catapult-for-soc-course/lab1_fir/01_walkthrough_loops/Catapult/fir.v1/CDesignChecker/calypto/
### END Induct Init Checks

### BEGIN Trivial proof scan
# PROVEN      (10 sec) # create_map -intermediate spec.Calypto_transaction_done  impl.dummy_impl_out  -valid impl.cc_const_value_1u_h0_impl ; # (1 bit unsigned, 1 bit unsigned) (l1=1, l2=1, lv=1, ind=1) /home/m112/m112061621/soc_lab2-1/catapult-for-soc-course/lab1_fir/01_walkthrough_loops/Catapult/fir.v1/CDesignChecker/calypto/
### END Trivial proof scan

