-- Catapult Ultra Synthesis: Report                                              
-- ------------------------- ---------------------------------------------------
-- Version:                  2024.1/1091966 Production Release                   
-- Build Date:               Wed Feb 14 09:07:18 PST 2024                        
                                                                                 
-- Generated by:             m112061621@ws24                                     
-- Generated date:           Sat Apr 06 00:02:26 CST 2024                        

Solution Settings: fir.v2
  Current state: extract
  Project: Catapult

Design Input Files Specified
  $PROJECT_HOME/fir_tb.cpp
  $PROJECT_HOME/fir.h
    $MGC_HOME/shared/include/ac_int.h
    $MGC_HOME/shared/include/ac_channel.h
    $MGC_HOME/shared/include/mc_scverify.h

Processes/Blocks in Design
  Process       Real Operation(s) count Latency Throughput Reset Length II Comments 
  ------------- ----------------------- ------- -- Catapult Ultra Synthesis: Report                                              
-- ------------------------- ---------------------------------------------------
-- Version:                  2024.1/1091966 Production Release                   
-- Build Date:               Wed Feb 14 09:07:18 PST 2024                        
                                                                                 
-- Generated by:             m112061621@ws24                                     
-- Generated date:           Sat Apr 06 00:02:26 CST 2024                        

Solution Settings: fir.v2
  Current state: extract
  Project: Catapult

Design Input Files Specified
  $PROJECT_HOME/fir_tb.cpp
  $PROJECT_HOME/fir.h
    $MGC_HOME/shared/include/ac_int.h
    $MGC_HOME/shared/include/ac_channel.h
    $MGC_HOME/shared/include/mc_scverify.h

Processes/Blocks in Design
  Process       Real Operation(s) count Latency Throughput Reset Length II Comments 
  ------------- ----------------------- ------- ---------- ------------ -- --------
  /fir/run                           37       8         10            0  0          
  Design Total:                      37       8         10            0  0          
  
Bill Of Materials (Datapath)
  Component Name                 Area Score Area(Combinational) AreaSeq Delay Post Alloc Post Assign 
  ------------------------------ ---------- ------------------- ------- ----- ---------- -----------
  [Lib: ccs_ioport]                                                                                  
  ccs_in(2,64)                        0.000               0.000   0.000 0.000          1           1 
  ccs_in_wait(1,8)                    0.000               0.000   0.000 0.000          1           1 
  ccs_out_wait(3,8)                   0.000               0.000   0.000 0.000          1           1 
  [Lib: mgc_ioport]                                                                                  
  mgc_io_sync(0)                      0.000               0.000   0.000 0.000          1           1 
  [Lib: nangate-45nm_beh]                                                                            
  mgc_add(19,0,16,1,19,7)            82.990              58.167   0.000 1.449          1           1 
  mgc_add(3,0,1,1,4,7)               15.630               0.000   0.000 0.308          2           2 
  mgc_and(1,2,3)                      0.796               0.765   0.000 0.046          0          29 
  mgc_and(1,3,4)                      1.333               0.000   0.000 0.077          0           8 
  mgc_and(1,5,4)                      2.207               0.547   0.000 0.111          0           1 
  mgc_and(19,2,3)                    15.119              27.569   0.000 0.046          0           1 
  mgc_mul(8,1,8,1,16,7)             288.327             332.359   0.000 1.157          1           1 
  mgc_mux(8,1,2,1)                   25.536              45.010   0.000 0.114          0           1 
  mgc_mux(8,1,2,2)                   25.536              35.852   0.000 0.113          8           0 
  mgc_mux(8,3,8,5)                   63.840              75.762   0.000 0.237          3           2 
  mgc_mux1hot(8,9,4)                 62.326              77.873   0.000 0.170          0           1 
  mgc_nand(1,2,4)                     0.698               0.000   0.000 0.044          0           1 
  mgc_nor(1,2,4)                      0.699               0.000   0.000 0.111          0          13 
  mgc_nor(1,3,4)                      1.154               0.000   0.000 0.125          0           1 
  mgc_not(1,1)                        0.532               0.532   0.000 0.039          0          30 
  mgc_or(1,2,4)                       0.896               0.000   0.000 0.098          0          13 
  mgc_or(1,4,4)                       1.770               0.000   0.000 0.119          0           1 
  mgc_or(1,7,4)                       3.081               0.848   0.000 0.136          0           1 
  mgc_or(3,2,4)                       2.688               0.000   0.000 0.098          0           2 
  mgc_reg_pos(1,0,0,1,1,0,0,1)        6.384               1.862   4.522 0.106          0           1 
  mgc_reg_pos(1,0,0,1,1,1,1,1)        6.384               1.862   4.522 0.106          0           2 
  mgc_reg_pos(19,0,0,1,1,1,1,1)     121.296              35.378  85.918 0.106          0           1 
  mgc_reg_pos(3,0,0,1,1,1,1,1)       19.152               5.586  13.566 0.106          0           2 
  mgc_reg_pos(8,0,0,1,1,1,1,1)       51.072              14.896  36.176 0.106          0           9 
                                                                                                     
  TOTAL AREA (After Assignment):   1356.362             918.000 452.000                              
  
Area Scores
                    Post-Scheduling  Post-DP & FSM Post-Assignment 
  ----------------- --------------- -------------- ---------------
  Total Area Score:   1787.9         1411.0          1372.4        
  Total Reg:           989.5  (55%)   654.4  (46%)    654.4  (48%) 
                                                                   
  DataPath:           1787.9 (100%)  1395.0  (99%)   1356.4  (99%) 
    MUX:               395.8  (22%)   255.8  (18%)    215.5  (16%) 
    FUNC:              402.6  (23%)   402.6  (29%)    402.6  (30%) 
    LOGIC:               0.0           98.3   (7%)     99.8   (7%) 
    BUFFER:              0.0            0.0             0.0        
    MEM:                 0.0            0.0             0.0        
    ROM:                 0.0            0.0             0.0        
    REG:               989.5  (55%)   638.4  (46%)    638.4  (47%) 
                                                                   
  
  FSM:                   0.0           16.0   (1%)     16.0   (1%) 
    FSM-REG:             0.0           16.0 (100%)     16.0 (100%) 
    FSM-COMB:            0.0            0.0             0.0        
                                                                   
  
  
  (MUX = multiplexers; FUNC = datapath logic (e.g. add/mult); LOGIC = control logic)

Register-to-Variable Mappings
  Register                         Size(bits) Gated Register CG Opt Done Variables                                             
  -------------------------------- ---------- -------------- ----------- -----------------------------------------------------
  temp.sva                                 19         Y                  temp.sva                                              
  output:rsci.idat                          8         Y           Y      output:rsci.idat                                      
  regs(0).lpi#2                             8         Y           Y      regs(0).lpi#2                                         
                                                                         regs(0).sva                                           
  regs(1).lpi#2                             8         Y           Y      regs(1).lpi#2                                         
                                                                         regs(1).sva                                           
  regs(2).lpi#2                             8         Y           Y      regs(2).lpi#2                                         
                                                                         regs(2).sva                                           
  regs(3).lpi#2                             8         Y           Y      regs(3).lpi#2                                         
                                                                         regs(3).sva                                           
  regs(4).lpi#2                             8         Y           Y      regs(4).lpi#2                                         
                                                                         regs(4).sva                                           
  regs(5).lpi#2                             8         Y           Y      regs(5).lpi#2                                         
                                                                         regs(5).sva                                           
  regs(6).lpi#2                             8         Y           Y      regs(6).lpi#2                                         
                                                                         regs(6).sva                                           
  regs(7).lpi#2                             8         Y           Y      regs(7).lpi#2                                         
  MAC:i(3:0).sva(2:0)                       3         Y                  MAC:i(3:0).sva(2:0)                                   
  SHIFT:i(3:0).sva(2:0)                     3         Y                  SHIFT:i(3:0).sva(2:0)                                 
  reg(coeffs.triosy:obj.iswt0).cse          1         Y                  reg(coeffs.triosy:obj.iswt0).cse                      
  reg(input:rsci.oswt).cse                  1         Y                  reg(input:rsci.oswt).cse                              
  run.wten                                  1                            run.wten                                              
                                                                                                                               
  Total:                                  100             99          72 (Total Gating Ratio: 0.99, CG Opt Gating Ratio: 0.72) 
  
Timing Report
  Critical Path
    Max Delay:  2.4071399999999996
    Slack:      7.59286
    
    Path                                                       Startpoint                              Endpoint                           Delay  Slack                       
    ---------------------------------------------------------- --------------------------------------- ---------------------------------- ------ ------ --------------------
    1                                                          fir:run:inst/reg(SHIFT:i(3:0).sva(2:0)) fir:run:inst/reg(temp)             2.4071 7.5929                      
                                                                                                                                                                             
      Instance                                                 Component                                                                  Delta  Delay  [MIN, MAX]           
      --------                                                 ---------                                                                  -----  -----  ------------------   
      fir:run:inst/reg(SHIFT:i(3:0).sva(2:0))                  mgc_reg_pos_3_0_0_1_1_1_1_1                                                0.1060 0.1060                      
      fir:run:inst/SHIFT:i(3:0).sva(2:0)                                                                                                  0.0000 0.1060                      
      fir:run:inst/SHIFT:i:slc(SHIFT:i(3:0).sva(2:0))(0)#5                                                                                0.0000 0.1060                      
      fir:run:inst/SHIFT:i:slc(SHIFT:i(3:0).sva(2:0))(0)#5.itm                                                                            0.0000 0.1060                      
      fir:run:inst/not#8                                       mgc_not_1_1                                                                0.0390 0.1450                      
      fir:run:inst/not#8.itm                                                                                                              0.0000 0.1450                      
      fir:run:inst/or#7                                        mgc_or_1_2_4                                                               0.0981 0.2431                      
      fir:run:inst/or.dcpl#7                                                                                                              0.0000 0.2431                      
      fir:run:inst/or#8                                        mgc_or_1_2_4                                                               0.0981 0.3413                      
      fir:run:inst/or.dcpl#8                                                                                                              0.0000 0.3413                      
      fir:run:inst/not#32                                      mgc_not_1_1                                                                0.0390 0.3803                      
      fir:run:inst/not#32.itm                                                                                                             0.0000 0.3803                      
      fir:run:inst/MAC:and                                     mgc_and_1_2_3                                                              0.0459 0.4262                      
      fir:run:inst/MAC:and.itm                                                                                                            0.0000 0.4262                      
      fir:run:inst/MAC:or                                      mgc_or_1_7_4                                                               0.1363 0.5625                      
      fir:run:inst/MAC:or.itm                                                                                                             0.0000 0.5625                      
      fir:run:inst/MAC:MAC:mux1h                               mgc_mux1hot_8_9_4                                                          0.1700 0.7324                      
      fir:run:inst/MAC:MAC:mux1h.itm                                                                                                      0.0000 0.7324                      
      fir:run:inst/MAC:mul                                     mgc_mul_8_1_8_1_16_7                                                       1.1570 1.8895 [0.912386, 1.889486] 
      fir:run:inst/MAC:mul.itm                                                                                                            0.0000 1.8895 [0.912386, 1.889486] 
      fir:run:inst/MAC:acc#1                                   mgc_addc_19_0_16_1_19_7                                                    0.4718 2.3612 [1.077863, 2.361248] 
      fir:run:inst/temp.sva#2                                                                                                             0.0000 2.3612 [1.077863, 2.361248] 
      fir:run:inst/temp:temp:and                               mgc_and_19_2_3                                                             0.0459 2.4071 [1.123755, 2.407140] 
      fir:run:inst/temp:temp:and.itm                                                                                                      0.0000 2.4071 [1.123755, 2.407140] 
      fir:run:inst/reg(temp)                                   mgc_reg_pos_19_0_0_1_1_1_1_1                                               0.0000 2.4071                      
                                                                                                                                                                             
    2                                                          fir:run:inst/reg(SHIFT:i(3:0).sva(2:0)) fir:run:inst/reg(temp)             2.4071 7.5929                      
                                                                                                                                                                             
      Instance                                                 Component                                                                  Delta  Delay  [MIN, MAX]           
      --------                                                 ---------                                                                  -----  -----  ------------------   
      fir:run:inst/reg(SHIFT:i(3:0).sva(2:0))                  mgc_reg_pos_3_0_0_1_1_1_1_1                                                0.1060 0.1060                      
      fir:run:inst/SHIFT:i(3:0).sva(2:0)                                                                                                  0.0000 0.1060                      
      fir:run:inst/SHIFT:i:slc(SHIFT:i(3:0).sva(2:0))(0)#5                                                                                0.0000 0.1060                      
      fir:run:inst/SHIFT:i:slc(SHIFT:i(3:0).sva(2:0))(0)#5.itm                                                                            0.0000 0.1060                      
      fir:run:inst/not#8                                       mgc_not_1_1                                                                0.0390 0.1450                      
      fir:run:inst/not#8.itm                                                                                                              0.0000 0.1450                      
      fir:run:inst/or#7                                        mgc_or_1_2_4                                                               0.0981 0.2431                      
      fir:run:inst/or.dcpl#7                                                                                                              0.0000 0.2431                      
      fir:run:inst/or#14                                       mgc_or_1_2_4                                                               0.0981 0.3413                      
      fir:run:inst/or.dcpl#14                                                                                                             0.0000 0.3413                      
      fir:run:inst/not#34                                      mgc_not_1_1                                                                0.0390 0.3803                      
      fir:run:inst/not#34.itm                                                                                                             0.0000 0.3803                      
      fir:run:inst/MAC:and#2                                   mgc_and_1_2_3                                                              0.0459 0.4262                      
      fir:run:inst/MAC:and#2.itm                                                                                                          0.0000 0.4262                      
      fir:run:inst/MAC:or                                      mgc_or_1_7_4                                                               0.1363 0.5625                      
      fir:run:inst/MAC:or.itm                                                                                                             0.0000 0.5625                      
      fir:run:inst/MAC:MAC:mux1h                               mgc_mux1hot_8_9_4                                                          0.1700 0.7324                      
      fir:run:inst/MAC:MAC:mux1h.itm                                                                                                      0.0000 0.7324                      
      fir:run:inst/MAC:mul                                     mgc_mul_8_1_8_1_16_7                                                       1.1570 1.8895 [0.912386, 1.889486] 
      fir:run:inst/MAC:mul.itm                                                                                                            0.0000 1.8895 [0.912386, 1.889486] 
      fir:run:inst/MAC:acc#1                                   mgc_addc_19_0_16_1_19_7                                                    0.4718 2.3612 [1.077863, 2.361248] 
      fir:run:inst/temp.sva#2                                                                                                             0.0000 2.3612 [1.077863, 2.361248] 
      fir:run:inst/temp:temp:and                               mgc_and_19_2_3                                                             0.0459 2.4071 [1.123755, 2.407140] 
      fir:run:inst/temp:temp:and.itm                                                                                                      0.0000 2.4071 [1.123755, 2.407140] 
      fir:run:inst/reg(temp)                                   mgc_reg_pos_19_0_0_1_1_1_1_1                                               0.0000 2.4071                      
                                                                                                                                                                             
    3                                                          fir:run:inst/reg(SHIFT:i(3:0).sva(2:0)) fir:run:inst/reg(temp)             2.4071 7.5929                      
                                                                                                                                                                             
      Instance                                                 Component                                                                  Delta  Delay  [MIN, MAX]           
      --------                                                 ---------                                                                  -----  -----  ------------------   
      fir:run:inst/reg(SHIFT:i(3:0).sva(2:0))                  mgc_reg_pos_3_0_0_1_1_1_1_1                                                0.1060 0.1060                      
      fir:run:inst/SHIFT:i(3:0).sva(2:0)                                                                                                  0.0000 0.1060                      
      fir:run:inst/SHIFT:i:slc(SHIFT:i(3:0).sva(2:0))(2)#2                                                                                0.0000 0.1060                      
      fir:run:inst/SHIFT:i:slc(SHIFT:i(3:0).sva(2:0))(2)#2.itm                                                                            0.0000 0.1060                      
      fir:run:inst/not#9                                       mgc_not_1_1                                                                0.0390 0.1450                      
      fir:run:inst/not#9.itm                                                                                                              0.0000 0.1450                      
      fir:run:inst/or#9                                        mgc_or_1_2_4                                                               0.0981 0.2431                      
      fir:run:inst/or.dcpl#9                                                                                                              0.0000 0.2431                      
      fir:run:inst/or#10                                       mgc_or_1_2_4                                                               0.0981 0.3413                      
      fir:run:inst/or.dcpl#10                                                                                                             0.0000 0.3413                      
      fir:run:inst/not#37                                      mgc_not_1_1                                                                0.0390 0.3803                      
      fir:run:inst/not#37.itm                                                                                                             0.0000 0.3803                      
      fir:run:inst/MAC:and#5                                   mgc_and_1_2_3                                                              0.0459 0.4262                      
      fir:run:inst/MAC:and#5.itm                                                                                                          0.0000 0.4262                      
      fir:run:inst/MAC:or                                      mgc_or_1_7_4                                                               0.1363 0.5625                      
      fir:run:inst/MAC:or.itm                                                                                                             0.0000 0.5625                      
      fir:run:inst/MAC:MAC:mux1h                               mgc_mux1hot_8_9_4                                                          0.1700 0.7324                      
      fir:run:inst/MAC:MAC:mux1h.itm                                                                                                      0.0000 0.7324                      
      fir:run:inst/MAC:mul                                     mgc_mul_8_1_8_1_16_7                                                       1.1570 1.8895 [0.912386, 1.889486] 
      fir:run:inst/MAC:mul.itm                                                                                                            0.0000 1.8895 [0.912386, 1.889486] 
      fir:run:inst/MAC:acc#1                                   mgc_addc_19_0_16_1_19_7                                                    0.4718 2.3612 [1.077863, 2.361248] 
      fir:run:inst/temp.sva#2                                                                                                             0.0000 2.3612 [1.077863, 2.361248] 
      fir:run:inst/temp:temp:and                               mgc_and_19_2_3                                                             0.0459 2.4071 [1.123755, 2.407140] 
      fir:run:inst/temp:temp:and.itm                                                                                                      0.0000 2.4071 [1.123755, 2.407140] 
      fir:run:inst/reg(temp)                                   mgc_reg_pos_19_0_0_1_1_1_1_1                                               0.0000 2.4071                      
                                                                                                                                                                             
    4                                                          fir:run:inst/reg(SHIFT:i(3:0).sva(2:0)) fir:run:inst/reg(temp)             2.4071 7.5929                      
                                                                                                                                                                             
      Instance                                                 Component                                                                  Delta  Delay  [MIN, MAX]           
      --------                                                 ---------                                                                  -----  -----  ------------------   
      fir:run:inst/reg(SHIFT:i(3:0).sva(2:0))                  mgc_reg_pos_3_0_0_1_1_1_1_1                                                0.1060 0.1060                      
      fir:run:inst/SHIFT:i(3:0).sva(2:0)                                                                                                  0.0000 0.1060                      
      fir:run:inst/SHIFT:i:slc(SHIFT:i(3:0).sva(2:0))(2)#2                                                                                0.0000 0.1060                      
      fir:run:inst/SHIFT:i:slc(SHIFT:i(3:0).sva(2:0))(2)#2.itm                                                                            0.0000 0.1060                      
      fir:run:inst/not#9                                       mgc_not_1_1                                                                0.0390 0.1450                      
      fir:run:inst/not#9.itm                                                                                                              0.0000 0.1450                      
      fir:run:inst/or#9                                        mgc_or_1_2_4                                                               0.0981 0.2431                      
      fir:run:inst/or.dcpl#9                                                                                                              0.0000 0.2431                      
      fir:run:inst/or#16                                       mgc_or_1_2_4                                                               0.0981 0.3413                      
      fir:run:inst/or.dcpl#16                                                                                                             0.0000 0.3413                      
      fir:run:inst/not#35                                      mgc_not_1_1                                                                0.0390 0.3803                      
      fir:run:inst/not#35.itm                                                                                                             0.0000 0.3803                      
      fir:run:inst/MAC:and#3                                   mgc_and_1_2_3                                                              0.0459 0.4262                      
      fir:run:inst/MAC:and#3.itm                                                                                                          0.0000 0.4262                      
      fir:run:inst/MAC:or                                      mgc_or_1_7_4                                                               0.1363 0.5625                      
      fir:run:inst/MAC:or.itm                                                                                                             0.0000 0.5625                      
      fir:run:inst/MAC:MAC:mux1h                               mgc_mux1hot_8_9_4                                                          0.1700 0.7324                      
      fir:run:inst/MAC:MAC:mux1h.itm                                                                                                      0.0000 0.7324                      
      fir:run:inst/MAC:mul                                     mgc_mul_8_1_8_1_16_7                                                       1.1570 1.8895 [0.912386, 1.889486] 
      fir:run:inst/MAC:mul.itm                                                                                                            0.0000 1.8895 [0.912386, 1.889486] 
      fir:run:inst/MAC:acc#1                                   mgc_addc_19_0_16_1_19_7                                                    0.4718 2.3612 [1.077863, 2.361248] 
      fir:run:inst/temp.sva#2                                                                                                             0.0000 2.3612 [1.077863, 2.361248] 
      fir:run:inst/temp:temp:and                               mgc_and_19_2_3                                                             0.0459 2.4071 [1.123755, 2.407140] 
      fir:run:inst/temp:temp:and.itm                                                                                                      0.0000 2.4071 [1.123755, 2.407140] 
      fir:run:inst/reg(temp)                                   mgc_reg_pos_19_0_0_1_1_1_1_1                                               0.0000 2.4071                      
                                                                                                                                                                             
    5                                                          fir:run:inst/reg(SHIFT:i(3:0).sva(2:0)) fir:run:inst/reg(temp)             2.3681 7.6319                      
                                                                                                                                                                             
      Instance                                                 Component                                                                  Delta  Delay  [MIN, MAX]           
      --------                                                 ---------                                                                  -----  -----  ------------------   
      fir:run:inst/reg(SHIFT:i(3:0).sva(2:0))                  mgc_reg_pos_3_0_0_1_1_1_1_1                                                0.1060 0.1060                      
      fir:run:inst/SHIFT:i(3:0).sva(2:0)                                                                                                  0.0000 0.1060                      
      fir:run:inst/SHIFT:i:slc(SHIFT:i(3:0).sva(2:0))(0)#6                                                                                0.0000 0.1060                      
      fir:run:inst/SHIFT:i:slc(SHIFT:i(3:0).sva(2:0))(0)#6.itm                                                                            0.0000 0.1060                      
      fir:run:inst/or#9                                        mgc_or_1_2_4                                                               0.0981 0.2041                      
      fir:run:inst/or.dcpl#9                                                                                                              0.0000 0.2041                      
      fir:run:inst/or#16                                       mgc_or_1_2_4                                                               0.0981 0.3023                      
      fir:run:inst/or.dcpl#16                                                                                                             0.0000 0.3023                      
      fir:run:inst/not#35                                      mgc_not_1_1                                                                0.0390 0.3413                      
      fir:run:inst/not#35.itm                                                                                                             0.0000 0.3413                      
      fir:run:inst/MAC:and#3                                   mgc_and_1_2_3                                                              0.0459 0.3872                      
      fir:run:inst/MAC:and#3.itm                                                                                                          0.0000 0.3872                      
      fir:run:inst/MAC:or                                      mgc_or_1_7_4                                                               0.1363 0.5235                      
      fir:run:inst/MAC:or.itm                                                                                                             0.0000 0.5235                      
      fir:run:inst/MAC:MAC:mux1h                               mgc_mux1hot_8_9_4                                                          0.1700 0.6934                      
      fir:run:inst/MAC:MAC:mux1h.itm                                                                                                      0.0000 0.6934                      
      fir:run:inst/MAC:mul                                     mgc_mul_8_1_8_1_16_7                                                       1.1570 1.8505 [0.873386, 1.850486] 
      fir:run:inst/MAC:mul.itm                                                                                                            0.0000 1.8505 [0.873386, 1.850486] 
      fir:run:inst/MAC:acc#1                                   mgc_addc_19_0_16_1_19_7                                                    0.4718 2.3222 [1.038863, 2.322248] 
      fir:run:inst/temp.sva#2                                                                                                             0.0000 2.3222 [1.038863, 2.322248] 
      fir:run:inst/temp:temp:and                               mgc_and_19_2_3                                                             0.0459 2.3681 [1.084755, 2.368140] 
      fir:run:inst/temp:temp:and.itm                                                                                                      0.0000 2.3681 [1.084755, 2.368140] 
      fir:run:inst/reg(temp)                                   mgc_reg_pos_19_0_0_1_1_1_1_1                                               0.0000 2.3681                      
                                                                                                                                                                             
    6                                                          fir:run:inst/reg(SHIFT:i(3:0).sva(2:0)) fir:run:inst/reg(temp)             2.3681 7.6319                      
                                                                                                                                                                             
      Instance                                                 Component                                                                  Delta  Delay  [MIN, MAX]           
      --------                                                 ---------                                                                  -----  -----  ------------------   
      fir:run:inst/reg(SHIFT:i(3:0).sva(2:0))                  mgc_reg_pos_3_0_0_1_1_1_1_1                                                0.1060 0.1060                      
      fir:run:inst/SHIFT:i(3:0).sva(2:0)                                                                                                  0.0000 0.1060                      
      fir:run:inst/SHIFT:i:slc(SHIFT:i(3:0).sva(2:0))(2)#3                                                                                0.0000 0.1060                      
      fir:run:inst/SHIFT:i:slc(SHIFT:i(3:0).sva(2:0))(2)#3.itm                                                                            0.0000 0.1060                      
      fir:run:inst/or#7                                        mgc_or_1_2_4                                                               0.0981 0.2041                      
      fir:run:inst/or.dcpl#7                                                                                                              0.0000 0.2041                      
      fir:run:inst/or#14                                       mgc_or_1_2_4                                                               0.0981 0.3023                      
      fir:run:inst/or.dcpl#14                                                                                                             0.0000 0.3023                      
      fir:run:inst/not#34                                      mgc_not_1_1                                                                0.0390 0.3413                      
      fir:run:inst/not#34.itm                                                                                                             0.0000 0.3413                      
      fir:run:inst/MAC:and#2                                   mgc_and_1_2_3                                                              0.0459 0.3872                      
      fir:run:inst/MAC:and#2.itm                                                                                                          0.0000 0.3872                      
      fir:run:inst/MAC:or                                      mgc_or_1_7_4                                                               0.1363 0.5235                      
      fir:run:inst/MAC:or.itm                                                                                                             0.0000 0.5235                      
      fir:run:inst/MAC:MAC:mux1h                               mgc_mux1hot_8_9_4                                                          0.1700 0.6934                      
      fir:run:inst/MAC:MAC:mux1h.itm                                                                                                      0.0000 0.6934                      
      fir:run:inst/MAC:mul                                     mgc_mul_8_1_8_1_16_7                                                       1.1570 1.8505 [0.873386, 1.850486] 
      fir:run:inst/MAC:mul.itm                                                                                                            0.0000 1.8505 [0.873386, 1.850486] 
      fir:run:inst/MAC:acc#1                                   mgc_addc_19_0_16_1_19_7                                                    0.4718 2.3222 [1.038863, 2.322248] 
      fir:run:inst/temp.sva#2                                                                                                             0.0000 2.3222 [1.038863, 2.322248] 
      fir:run:inst/temp:temp:and                               mgc_and_19_2_3                                                             0.0459 2.3681 [1.084755, 2.368140] 
      fir:run:inst/temp:temp:and.itm                                                                                                      0.0000 2.3681 [1.084755, 2.368140] 
      fir:run:inst/reg(temp)                                   mgc_reg_pos_19_0_0_1_1_1_1_1                                               0.0000 2.3681                      
                                                                                                                                                                             
    7                                                          fir:run:inst/reg(SHIFT:i(3:0).sva(2:0)) fir:run:inst/reg(temp)             2.3681 7.6319                      
                                                                                                                                                                             
      Instance                                                 Component                                                                  Delta  Delay  [MIN, MAX]           
      --------                                                 ---------                                                                  -----  -----  ------------------   
      fir:run:inst/reg(SHIFT:i(3:0).sva(2:0))                  mgc_reg_pos_3_0_0_1_1_1_1_1                                                0.1060 0.1060                      
      fir:run:inst/SHIFT:i(3:0).sva(2:0)                                                                                                  0.0000 0.1060                      
      fir:run:inst/SHIFT:i:slc(SHIFT:i(3:0).sva(2:0))(2)#1                                                                                0.0000 0.1060                      
      fir:run:inst/SHIFT:i:slc(SHIFT:i(3:0).sva(2:0))(2)#1.itm                                                                            0.0000 0.1060                      
      fir:run:inst/or#11                                       mgc_or_1_2_4                                                               0.0981 0.2041                      
      fir:run:inst/or.dcpl#11                                                                                                             0.0000 0.2041                      
      fir:run:inst/or#12                                       mgc_or_1_2_4                                                               0.0981 0.3023                      
      fir:run:inst/or.dcpl#12                                                                                                             0.0000 0.3023                      
      fir:run:inst/not#33                                      mgc_not_1_1                                                                0.0390 0.3413                      
      fir:run:inst/not#33.itm                                                                                                             0.0000 0.3413                      
      fir:run:inst/MAC:and#1                                   mgc_and_1_2_3                                                              0.0459 0.3872                      
      fir:run:inst/MAC:and#1.itm                                                                                                          0.0000 0.3872                      
      fir:run:inst/MAC:or                                      mgc_or_1_7_4                                                               0.1363 0.5235                      
      fir:run:inst/MAC:or.itm                                                                                                             0.0000 0.5235                      
      fir:run:inst/MAC:MAC:mux1h                               mgc_mux1hot_8_9_4                                                          0.1700 0.6934                      
      fir:run:inst/MAC:MAC:mux1h.itm                                                                                                      0.0000 0.6934                      
      fir:run:inst/MAC:mul                                     mgc_mul_8_1_8_1_16_7                                                       1.1570 1.8505 [0.873386, 1.850486] 
      fir:run:inst/MAC:mul.itm                                                                                                            0.0000 1.8505 [0.873386, 1.850486] 
      fir:run:inst/MAC:acc#1                                   mgc_addc_19_0_16_1_19_7                                                    0.4718 2.3222 [1.038863, 2.322248] 
      fir:run:inst/temp.sva#2                                                                                                             0.0000 2.3222 [1.038863, 2.322248] 
      fir:run:inst/temp:temp:and                               mgc_and_19_2_3                                                             0.0459 2.3681 [1.084755, 2.368140] 
      fir:run:inst/temp:temp:and.itm                                                                                                      0.0000 2.3681 [1.084755, 2.368140] 
      fir:run:inst/reg(temp)                                   mgc_reg_pos_19_0_0_1_1_1_1_1                                               0.0000 2.3681                      
                                                                                                                                                                             
    8                                                          fir:run:inst/reg(SHIFT:i(3:0).sva(2:0)) fir:run:inst/reg(temp)             2.3681 7.6319                      
                                                                                                                                                                             
      Instance                                                 Component                                                                  Delta  Delay  [MIN, MAX]           
      --------                                                 ---------                                                                  -----  -----  ------------------   
      fir:run:inst/reg(SHIFT:i(3:0).sva(2:0))                  mgc_reg_pos_3_0_0_1_1_1_1_1                                                0.1060 0.1060                      
      fir:run:inst/SHIFT:i(3:0).sva(2:0)                                                                                                  0.0000 0.1060                      
      fir:run:inst/SHIFT:i:slc(SHIFT:i(3:0).sva(2:0))(0)#4                                                                                0.0000 0.1060                      
      fir:run:inst/SHIFT:i:slc(SHIFT:i(3:0).sva(2:0))(0)#4.itm                                                                            0.0000 0.1060                      
      fir:run:inst/or#11                                       mgc_or_1_2_4                                                               0.0981 0.2041                      
      fir:run:inst/or.dcpl#11                                                                                                             0.0000 0.2041                      
      fir:run:inst/or#12                                       mgc_or_1_2_4                                                               0.0981 0.3023                      
      fir:run:inst/or.dcpl#12                                                                                                             0.0000 0.3023                      
      fir:run:inst/not#33                                      mgc_not_1_1                                                                0.0390 0.3413                      
      fir:run:inst/not#33.itm                                                                                                             0.0000 0.3413                      
      fir:run:inst/MAC:and#1                                   mgc_and_1_2_3                                                              0.0459 0.3872                      
      fir:run:inst/MAC:and#1.itm                                                                                                          0.0000 0.3872                      
      fir:run:inst/MAC:or                                      mgc_or_1_7_4                                                               0.1363 0.5235                      
      fir:run:inst/MAC:or.itm                                                                                                             0.0000 0.5235                      
      fir:run:inst/MAC:MAC:mux1h                               mgc_mux1hot_8_9_4                                                          0.1700 0.6934                      
      fir:run:inst/MAC:MAC:mux1h.itm                                                                                                      0.0000 0.6934                      
      fir:run:inst/MAC:mul                                     mgc_mul_8_1_8_1_16_7                                                       1.1570 1.8505 [0.873386, 1.850486] 
      fir:run:inst/MAC:mul.itm                                                                                                            0.0000 1.8505 [0.873386, 1.850486] 
      fir:run:inst/MAC:acc#1                                   mgc_addc_19_0_16_1_19_7                                                    0.4718 2.3222 [1.038863, 2.322248] 
      fir:run:inst/temp.sva#2                                                                                                             0.0000 2.3222 [1.038863, 2.322248] 
      fir:run:inst/temp:temp:and                               mgc_and_19_2_3                                                             0.0459 2.3681 [1.084755, 2.368140] 
      fir:run:inst/temp:temp:and.itm                                                                                                      0.0000 2.3681 [1.084755, 2.368140] 
      fir:run:inst/reg(temp)                                   mgc_reg_pos_19_0_0_1_1_1_1_1                                               0.0000 2.3681                      
                                                                                                                                                                             
    9                                                          fir:run:inst/reg(SHIFT:i(3:0).sva(2:0)) fir:run:inst/reg(output:rsci.idat) 2.3612 7.6388                      
                                                                                                                                                                             
      Instance                                                 Component                                                                  Delta  Delay  [MIN, MAX]           
      --------                                                 ---------                                                                  -----  -----  ------------------   
      fir:run:inst/reg(SHIFT:i(3:0).sva(2:0))                  mgc_reg_pos_3_0_0_1_1_1_1_1                                                0.1060 0.1060                      
      fir:run:inst/SHIFT:i(3:0).sva(2:0)                                                                                                  0.0000 0.1060                      
      fir:run:inst/SHIFT:i:slc(SHIFT:i(3:0).sva(2:0))(0)#5                                                                                0.0000 0.1060                      
      fir:run:inst/SHIFT:i:slc(SHIFT:i(3:0).sva(2:0))(0)#5.itm                                                                            0.0000 0.1060                      
      fir:run:inst/not#8                                       mgc_not_1_1                                                                0.0390 0.1450                      
      fir:run:inst/not#8.itm                                                                                                              0.0000 0.1450                      
      fir:run:inst/or#7                                        mgc_or_1_2_4                                                               0.0981 0.2431                      
      fir:run:inst/or.dcpl#7                                                                                                              0.0000 0.2431                      
      fir:run:inst/or#8                                        mgc_or_1_2_4                                                               0.0981 0.3413                      
      fir:run:inst/or.dcpl#8                                                                                                              0.0000 0.3413                      
      fir:run:inst/not#32                                      mgc_not_1_1                                                                0.0390 0.3803                      
      fir:run:inst/not#32.itm                                                                                                             0.0000 0.3803                      
      fir:run:inst/MAC:and                                     mgc_and_1_2_3                                                              0.0459 0.4262                      
      fir:run:inst/MAC:and.itm                                                                                                            0.0000 0.4262                      
      fir:run:inst/MAC:or                                      mgc_or_1_7_4                                                               0.1363 0.5625                      
      fir:run:inst/MAC:or.itm                                                                                                             0.0000 0.5625                      
      fir:run:inst/MAC:MAC:mux1h                               mgc_mux1hot_8_9_4                                                          0.1700 0.7324                      
      fir:run:inst/MAC:MAC:mux1h.itm                                                                                                      0.0000 0.7324                      
      fir:run:inst/MAC:mul                                     mgc_mul_8_1_8_1_16_7                                                       1.1570 1.8895 [0.912386, 1.889486] 
      fir:run:inst/MAC:mul.itm                                                                                                            0.0000 1.8895 [0.912386, 1.889486] 
      fir:run:inst/MAC:acc#1                                   mgc_addc_19_0_16_1_19_7                                                    0.4718 2.3612 [1.077863, 2.361248] 
      fir:run:inst/temp.sva#2                                                                                                             0.0000 2.3612 [1.077863, 2.361248] 
      fir:run:inst/temp:slc(temp.sva#2)(18-11)                                                                                            0.0000 2.3612 [1.862154, 2.361248] 
      fir:run:inst/temp:slc(temp.sva#2)(18-11).itm                                                                                        0.0000 2.3612 [1.862154, 2.361248] 
      fir:run:inst/reg(output:rsci.idat)                       mgc_reg_pos_8_0_0_1_1_1_1_1                                                0.0000 2.3612                      
                                                                                                                                                                             
    10                                                         fir:run:inst/reg(SHIFT:i(3:0).sva(2:0)) fir:run:inst/reg(output:rsci.idat) 2.3612 7.6388                      
                                                                                                                                                                             
      Instance                                                 Component                                                                  Delta  Delay  [MIN, MAX]           
      --------                                                 ---------                                                                  -----  -----  ------------------   
      fir:run:inst/reg(SHIFT:i(3:0).sva(2:0))                  mgc_reg_pos_3_0_0_1_1_1_1_1                                                0.1060 0.1060                      
      fir:run:inst/SHIFT:i(3:0).sva(2:0)                                                                                                  0.0000 0.1060                      
      fir:run:inst/SHIFT:i:slc(SHIFT:i(3:0).sva(2:0))(0)#5                                                                                0.0000 0.1060                      
      fir:run:inst/SHIFT:i:slc(SHIFT:i(3:0).sva(2:0))(0)#5.itm                                                                            0.0000 0.1060                      
      fir:run:inst/not#8                                       mgc_not_1_1                                                                0.0390 0.1450                      
      fir:run:inst/not#8.itm                                                                                                              0.0000 0.1450                      
      fir:run:inst/or#7                                        mgc_or_1_2_4                                                               0.0981 0.2431                      
      fir:run:inst/or.dcpl#7                                                                                                              0.0000 0.2431                      
      fir:run:inst/or#14                                       mgc_or_1_2_4                                                               0.0981 0.3413                      
      fir:run:inst/or.dcpl#14                                                                                                             0.0000 0.3413                      
      fir:run:inst/not#34                                      mgc_not_1_1                                                                0.0390 0.3803                      
      fir:run:inst/not#34.itm                                                                                                             0.0000 0.3803                      
      fir:run:inst/MAC:and#2                                   mgc_and_1_2_3                                                              0.0459 0.4262                      
      fir:run:inst/MAC:and#2.itm                                                                                                          0.0000 0.4262                      
      fir:run:inst/MAC:or                                      mgc_or_1_7_4                                                               0.1363 0.5625                      
      fir:run:inst/MAC:or.itm                                                                                                             0.0000 0.5625                      
      fir:run:inst/MAC:MAC:mux1h                               mgc_mux1hot_8_9_4                                                          0.1700 0.7324                      
      fir:run:inst/MAC:MAC:mux1h.itm                                                                                                      0.0000 0.7324                      
      fir:run:inst/MAC:mul                                     mgc_mul_8_1_8_1_16_7                                                       1.1570 1.8895 [0.912386, 1.889486] 
      fir:run:inst/MAC:mul.itm                                                                                                            0.0000 1.8895 [0.912386, 1.889486] 
      fir:run:inst/MAC:acc#1                                   mgc_addc_19_0_16_1_19_7                                                    0.4718 2.3612 [1.077863, 2.361248] 
      fir:run:inst/temp.sva#2                                                                                                             0.0000 2.3612 [1.077863, 2.361248] 
      fir:run:inst/temp:slc(temp.sva#2)(18-11)                                                                                            0.0000 2.3612 [1.862154, 2.361248] 
      fir:run:inst/temp:slc(temp.sva#2)(18-11).itm                                                                                        0.0000 2.3612 [1.862154, 2.361248] 
      fir:run:inst/reg(output:rsci.idat)                       mgc_reg_pos_8_0_0_1_1_1_1_1                                                0.0000 2.3612                      
                                                                                                                                                                             
    
  Register Input and Register-to-Output Slack
    Clock period or pin-to-reg delay constraint (clk): 10.0
    Clock uncertainty constraint (clk)               : 0.0
    
    Instance                             Port                                                  Slack (Delay) Messages 
    ------------------------------------ ---------------------------------------------------- ------ ------- --------
    fir:run/reg(input:rsci.oswt)         and#4.itm                                            9.3520  0.6480          
    fir:run/reg(regs(5))                 SHIFT:else:SHIFT:else:slc(regs,*8)(7-0)#1.ctmp.sva#1 7.8123  2.1877          
    fir:run/reg(regs(1))                 SHIFT:else:SHIFT:else:slc(regs,*8)(7-0)#1.ctmp.sva#1 7.8123  2.1877          
    fir:run/reg(regs(6))                 SHIFT:else:SHIFT:else:slc(regs,*8)(7-0)#1.ctmp.sva#1 7.8123  2.1877          
    fir:run/reg(regs(2))                 SHIFT:else:SHIFT:else:slc(regs,*8)(7-0)#1.ctmp.sva#1 7.8123  2.1877          
    fir:run/reg(regs(7))                 SHIFT:else:SHIFT:else:slc(regs,*8)(7-0)#1.ctmp.sva#1 7.8123  2.1877          
    fir:run/reg(regs(3))                 SHIFT:else:SHIFT:else:slc(regs,*8)(7-0)#1.ctmp.sva#1 7.8123  2.1877          
    fir:run/reg(SHIFT:i(3:0).sva(2:0))   SHIFT:i:SHIFT:i:or.itm                               9.5353  0.4647          
    fir:run/reg(regs(0))                 regs(0).lpi#2:mx1                                    7.7389  2.2611          
    fir:run/reg(regs(4))                 SHIFT:else:SHIFT:else:slc(regs,*8)(7-0)#1.ctmp.sva#1 7.8123  2.1877          
    fir:run/reg(MAC:i(3:0).sva(2:0))     SHIFT:i:SHIFT:i:or#1.itm                             9.5353  0.4647          
    fir:run/reg(temp)                    temp:temp:and.itm                                    7.5929  2.4071          
    fir:run/reg(coeffs.triosy:obj.iswt0) and#26.itm                                           9.4941  0.5059          
    fir:run/reg(output:rsci.idat)        temp:slc(temp.sva#2)(18-11).itm                      7.6388  2.3612          
    fir:run:staller/reg(run.wten)        not#3.itm                                            9.5079  0.4921          
    fir                                  input:rsc.rdy                                        9.8940  0.1060          
    fir                                  coeffs.triosy.lz                                     9.8091  0.1909          
    fir                                  output:rsc.dat                                       9.8940  0.1060          
    fir                                  output:rsc.vld                                       9.8940  0.1060          
    
Operator Bitwidth Summary
  Operation  Size (bits) Count 
  ---------- ----------- -----
  add                          
  -                    4     2 
  -                   19     1 
  and                          
  -                   19     1 
  -                    1    38 
  mul                          
  -                   16     1 
  mux                          
  -                    8     3 
  mux1h                        
  -                    8     1 
  nand                         
  -                    1     1 
  nor                          
  -                    1    14 
  not                          
  -                    1    30 
  or                           
  -                    3     2 
  -                    1    15 
  read_port                    
  -                    8     1 
  -                   64     1 
  read_sync                    
  -                    0     1 
  reg                          
  -                    8     9 
  -                    3     2 
  -                   19     1 
  -                    1     3 
  write_port                   
  -                    0     1 
  
End of Report
